
Circuit 1 cell sky130_fd_pr__res_high_po_0p35 and Circuit 2 cell sky130_fd_pr__res_high_po_0p35 are black boxes.
Warning: Equate pins:  cell sky130_fd_pr__res_high_po_0p35 is a placeholder, treated as a black box.
Warning: Equate pins:  cell sky130_fd_pr__res_high_po_0p35 is a placeholder, treated as a black box.

Subcircuit pins:
Circuit 1: sky130_fd_pr__res_high_po_0p35  |Circuit 2: sky130_fd_pr__res_high_po_0p35  
-------------------------------------------|-------------------------------------------
1                                          |1                                          
2                                          |2                                          
3                                          |3                                          
---------------------------------------------------------------------------------------
Cell pin lists are equivalent.
Device classes sky130_fd_pr__res_high_po_0p35 and sky130_fd_pr__res_high_po_0p35 are equivalent.

Circuit 1 cell sky130_fd_pr__pfet_g5v0d10v5 and Circuit 2 cell sky130_fd_pr__pfet_g5v0d10v5 are black boxes.
Warning: Equate pins:  cell sky130_fd_pr__pfet_g5v0d10v5 is a placeholder, treated as a black box.
Warning: Equate pins:  cell sky130_fd_pr__pfet_g5v0d10v5 is a placeholder, treated as a black box.

Subcircuit pins:
Circuit 1: sky130_fd_pr__pfet_g5v0d10v5    |Circuit 2: sky130_fd_pr__pfet_g5v0d10v5    
-------------------------------------------|-------------------------------------------
1                                          |1                                          
2                                          |2                                          
3                                          |3                                          
4                                          |4                                          
---------------------------------------------------------------------------------------
Cell pin lists are equivalent.
Device classes sky130_fd_pr__pfet_g5v0d10v5 and sky130_fd_pr__pfet_g5v0d10v5 are equivalent.

Circuit 1 cell sky130_fd_pr__nfet_g5v0d10v5 and Circuit 2 cell sky130_fd_pr__nfet_g5v0d10v5 are black boxes.
Warning: Equate pins:  cell sky130_fd_pr__nfet_g5v0d10v5 is a placeholder, treated as a black box.
Warning: Equate pins:  cell sky130_fd_pr__nfet_g5v0d10v5 is a placeholder, treated as a black box.

Subcircuit pins:
Circuit 1: sky130_fd_pr__nfet_g5v0d10v5    |Circuit 2: sky130_fd_pr__nfet_g5v0d10v5    
-------------------------------------------|-------------------------------------------
1                                          |1                                          
2                                          |2                                          
3                                          |3                                          
4                                          |4                                          
---------------------------------------------------------------------------------------
Cell pin lists are equivalent.
Device classes sky130_fd_pr__nfet_g5v0d10v5 and sky130_fd_pr__nfet_g5v0d10v5 are equivalent.

Circuit 1 cell sky130_fd_pr__nfet_01v8 and Circuit 2 cell sky130_fd_pr__nfet_01v8 are black boxes.
Warning: Equate pins:  cell sky130_fd_pr__nfet_01v8 is a placeholder, treated as a black box.
Warning: Equate pins:  cell sky130_fd_pr__nfet_01v8 is a placeholder, treated as a black box.

Subcircuit pins:
Circuit 1: sky130_fd_pr__nfet_01v8         |Circuit 2: sky130_fd_pr__nfet_01v8         
-------------------------------------------|-------------------------------------------
1                                          |1                                          
2                                          |2                                          
3                                          |3                                          
4                                          |4                                          
---------------------------------------------------------------------------------------
Cell pin lists are equivalent.
Device classes sky130_fd_pr__nfet_01v8 and sky130_fd_pr__nfet_01v8 are equivalent.

Circuit 1 cell sky130_fd_pr__pfet_01v8_hvt and Circuit 2 cell sky130_fd_pr__pfet_01v8_hvt are black boxes.
Warning: Equate pins:  cell sky130_fd_pr__pfet_01v8_hvt is a placeholder, treated as a black box.
Warning: Equate pins:  cell sky130_fd_pr__pfet_01v8_hvt is a placeholder, treated as a black box.

Subcircuit pins:
Circuit 1: sky130_fd_pr__pfet_01v8_hvt     |Circuit 2: sky130_fd_pr__pfet_01v8_hvt     
-------------------------------------------|-------------------------------------------
1                                          |1                                          
2                                          |2                                          
3                                          |3                                          
4                                          |4                                          
---------------------------------------------------------------------------------------
Cell pin lists are equivalent.
Device classes sky130_fd_pr__pfet_01v8_hvt and sky130_fd_pr__pfet_01v8_hvt are equivalent.

Circuit 1 cell sky130_fd_pr__diode_pw2nd_05v5 and Circuit 2 cell sky130_fd_pr__diode_pw2nd_05v5 are black boxes.
Warning: Equate pins:  cell sky130_fd_pr__diode_pw2nd_05v5 is a placeholder, treated as a black box.
Warning: Equate pins:  cell sky130_fd_pr__diode_pw2nd_05v5 is a placeholder, treated as a black box.

Subcircuit pins:
Circuit 1: sky130_fd_pr__diode_pw2nd_05v5  |Circuit 2: sky130_fd_pr__diode_pw2nd_05v5  
-------------------------------------------|-------------------------------------------
1                                          |1                                          
2                                          |2                                          
---------------------------------------------------------------------------------------
Cell pin lists are equivalent.
Device classes sky130_fd_pr__diode_pw2nd_05v5 and sky130_fd_pr__diode_pw2nd_05v5 are equivalent.

Circuit 1 cell sky130_fd_pr__res_xhigh_po_0p35 and Circuit 2 cell sky130_fd_pr__res_xhigh_po_0p35 are black boxes.
Warning: Equate pins:  cell sky130_fd_pr__res_xhigh_po_0p35 is a placeholder, treated as a black box.
Warning: Equate pins:  cell sky130_fd_pr__res_xhigh_po_0p35 is a placeholder, treated as a black box.

Subcircuit pins:
Circuit 1: sky130_fd_pr__res_xhigh_po_0p35 |Circuit 2: sky130_fd_pr__res_xhigh_po_0p35 
-------------------------------------------|-------------------------------------------
1                                          |1                                          
2                                          |2                                          
3                                          |3                                          
---------------------------------------------------------------------------------------
Cell pin lists are equivalent.
Device classes sky130_fd_pr__res_xhigh_po_0p35 and sky130_fd_pr__res_xhigh_po_0p35 are equivalent.

Circuit 1 cell sky130_fd_pr__nfet_05v0_nvt and Circuit 2 cell sky130_fd_pr__nfet_05v0_nvt are black boxes.
Warning: Equate pins:  cell sky130_fd_pr__nfet_05v0_nvt is a placeholder, treated as a black box.
Warning: Equate pins:  cell sky130_fd_pr__nfet_05v0_nvt is a placeholder, treated as a black box.

Subcircuit pins:
Circuit 1: sky130_fd_pr__nfet_05v0_nvt     |Circuit 2: sky130_fd_pr__nfet_05v0_nvt     
-------------------------------------------|-------------------------------------------
1                                          |1                                          
2                                          |2                                          
3                                          |3                                          
4                                          |4                                          
---------------------------------------------------------------------------------------
Cell pin lists are equivalent.
Device classes sky130_fd_pr__nfet_05v0_nvt and sky130_fd_pr__nfet_05v0_nvt are equivalent.

Class sky130_fd_sc_hvl__inv_8 (0):  Merged 14 parallel devices.
Class sky130_fd_sc_hvl__inv_8 (1):  Merged 14 parallel devices.
Subcircuit summary:
Circuit 1: sky130_fd_sc_hvl__inv_8         |Circuit 2: sky130_fd_sc_hvl__inv_8         
-------------------------------------------|-------------------------------------------
sky130_fd_pr__nfet_g5v0d10v5 (8->1)        |sky130_fd_pr__nfet_g5v0d10v5 (8->1)        
sky130_fd_pr__pfet_g5v0d10v5 (8->1)        |sky130_fd_pr__pfet_g5v0d10v5 (8->1)        
Number of devices: 2                       |Number of devices: 2                       
Number of nets: 6                          |Number of nets: 6                          
---------------------------------------------------------------------------------------
Netlists match uniquely.

Subcircuit pins:
Circuit 1: sky130_fd_sc_hvl__inv_8         |Circuit 2: sky130_fd_sc_hvl__inv_8         
-------------------------------------------|-------------------------------------------
A                                          |A                                          
Y                                          |Y                                          
VPWR                                       |VPWR                                       
VPB                                        |VPB                                        
VGND                                       |VGND                                       
VNB                                        |VNB                                        
---------------------------------------------------------------------------------------
Cell pin lists are equivalent.
Device classes sky130_fd_sc_hvl__inv_8 and sky130_fd_sc_hvl__inv_8 are equivalent.

Class sky130_fd_sc_hvl__inv_4 (0):  Merged 6 parallel devices.
Class sky130_fd_sc_hvl__inv_4 (1):  Merged 6 parallel devices.
Subcircuit summary:
Circuit 1: sky130_fd_sc_hvl__inv_4         |Circuit 2: sky130_fd_sc_hvl__inv_4         
-------------------------------------------|-------------------------------------------
sky130_fd_pr__pfet_g5v0d10v5 (4->1)        |sky130_fd_pr__pfet_g5v0d10v5 (4->1)        
sky130_fd_pr__nfet_g5v0d10v5 (4->1)        |sky130_fd_pr__nfet_g5v0d10v5 (4->1)        
Number of devices: 2                       |Number of devices: 2                       
Number of nets: 6                          |Number of nets: 6                          
---------------------------------------------------------------------------------------
Netlists match uniquely.

Subcircuit pins:
Circuit 1: sky130_fd_sc_hvl__inv_4         |Circuit 2: sky130_fd_sc_hvl__inv_4         
-------------------------------------------|-------------------------------------------
Y                                          |Y                                          
A                                          |A                                          
VPWR                                       |VPWR                                       
VPB                                        |VPB                                        
VGND                                       |VGND                                       
VNB                                        |VNB                                        
---------------------------------------------------------------------------------------
Cell pin lists are equivalent.
Device classes sky130_fd_sc_hvl__inv_4 and sky130_fd_sc_hvl__inv_4 are equivalent.

Class sky130_fd_sc_hvl__inv_2 (0):  Merged 2 parallel devices.
Class sky130_fd_sc_hvl__inv_2 (1):  Merged 2 parallel devices.
Subcircuit summary:
Circuit 1: sky130_fd_sc_hvl__inv_2         |Circuit 2: sky130_fd_sc_hvl__inv_2         
-------------------------------------------|-------------------------------------------
sky130_fd_pr__pfet_g5v0d10v5 (2->1)        |sky130_fd_pr__pfet_g5v0d10v5 (2->1)        
sky130_fd_pr__nfet_g5v0d10v5 (2->1)        |sky130_fd_pr__nfet_g5v0d10v5 (2->1)        
Number of devices: 2                       |Number of devices: 2                       
Number of nets: 6                          |Number of nets: 6                          
---------------------------------------------------------------------------------------
Netlists match uniquely.

Subcircuit pins:
Circuit 1: sky130_fd_sc_hvl__inv_2         |Circuit 2: sky130_fd_sc_hvl__inv_2         
-------------------------------------------|-------------------------------------------
A                                          |A                                          
Y                                          |Y                                          
VPWR                                       |VPWR                                       
VPB                                        |VPB                                        
VGND                                       |VGND                                       
VNB                                        |VNB                                        
---------------------------------------------------------------------------------------
Cell pin lists are equivalent.
Device classes sky130_fd_sc_hvl__inv_2 and sky130_fd_sc_hvl__inv_2 are equivalent.

Class sky130_fd_sc_hvl__lsbuflv2hv_1 (0):  Merged 8 parallel devices.
Class sky130_fd_sc_hvl__lsbuflv2hv_1 (1):  Merged 8 parallel devices.
Subcircuit summary:
Circuit 1: sky130_fd_sc_hvl__lsbuflv2hv_1  |Circuit 2: sky130_fd_sc_hvl__lsbuflv2hv_1  
-------------------------------------------|-------------------------------------------
sky130_fd_pr__nfet_g5v0d10v5 (12->4)       |sky130_fd_pr__nfet_g5v0d10v5 (12->4)       
sky130_fd_pr__pfet_g5v0d10v5 (4)           |sky130_fd_pr__pfet_g5v0d10v5 (4)           
sky130_fd_pr__nfet_01v8 (2)                |sky130_fd_pr__nfet_01v8 (2)                
sky130_fd_pr__pfet_01v8_hvt (2)            |sky130_fd_pr__pfet_01v8_hvt (2)            
Number of devices: 12                      |Number of devices: 12                      
Number of nets: 12                         |Number of nets: 12                         
---------------------------------------------------------------------------------------
Netlists match uniquely.

Subcircuit pins:
Circuit 1: sky130_fd_sc_hvl__lsbuflv2hv_1  |Circuit 2: sky130_fd_sc_hvl__lsbuflv2hv_1  
-------------------------------------------|-------------------------------------------
VPWR                                       |VPWR                                       
VPB                                        |VPB                                        
LVPWR                                      |LVPWR                                      
X                                          |X                                          
A                                          |A                                          
VGND                                       |VGND                                       
VNB                                        |VNB                                        
---------------------------------------------------------------------------------------
Cell pin lists are equivalent.
Device classes sky130_fd_sc_hvl__lsbuflv2hv_1 and sky130_fd_sc_hvl__lsbuflv2hv_1 are equivalent.
Flattening unmatched subcell sky130_fd_pr__pfet_g5v0d10v5_AQ2WAW in circuit follower_amp (0)(1 instance)
Flattening unmatched subcell sky130_fd_pr__nfet_g5v0d10v5_UNEQFS in circuit follower_amp (0)(5 instances)
Flattening unmatched subcell sky130_fd_pr__pfet_g5v0d10v5_KLJMY6 in circuit follower_amp (0)(1 instance)
Flattening unmatched subcell sky130_fd_pr__pfet_g5v0d10v5_KLWMS5 in circuit follower_amp (0)(3 instances)
Flattening unmatched subcell sky130_fd_pr__res_xhigh_po_0p35_HLA228 in circuit follower_amp (0)(1 instance)
Flattening unmatched subcell sky130_fd_pr__nfet_g5v0d10v5_FJGQFC in circuit follower_amp (0)(1 instance)
Flattening unmatched subcell sky130_fd_pr__diode_pw2nd_05v5_FT76RJ in circuit follower_amp (0)(2 instances)
Flattening unmatched subcell sky130_fd_pr__nfet_g5v0d10v5_XJGQ2Y in circuit follower_amp (0)(1 instance)
Flattening unmatched subcell sky130_fd_pr__nfet_05v0_nvt_BH6ZTK in circuit follower_amp (0)(1 instance)
Flattening unmatched subcell sky130_fd_pr__pfet_g5v0d10v5_Z8JNCQ in circuit follower_amp (0)(1 instance)
Flattening unmatched subcell sky130_fd_pr__nfet_g5v0d10v5_H7BQFY in circuit follower_amp (0)(1 instance)
Flattening unmatched subcell sky130_fd_pr__nfet_g5v0d10v5_H7BQ24 in circuit follower_amp (0)(1 instance)

Cell follower_amp (0) disconnected node: vsub
Cell follower_amp (1) disconnected node: vsub
Class follower_amp (0):  Merged 312 parallel devices.
Class follower_amp (0):  Merged 2 series devices.
Cell follower_amp (0) disconnected node: vsub
Cell follower_amp (1) disconnected node: vsub
Subcircuit summary:
Circuit 1: follower_amp                    |Circuit 2: follower_amp                    
-------------------------------------------|-------------------------------------------
sky130_fd_pr__pfet_g5v0d10v5 (315->10)     |sky130_fd_pr__pfet_g5v0d10v5 (10)          
sky130_fd_pr__nfet_g5v0d10v5 (17->10)      |sky130_fd_pr__nfet_g5v0d10v5 (10)          
sky130_fd_pr__res_xhigh_po_0p35 (3->1)     |sky130_fd_pr__res_xhigh_po_0p35 (1)        
sky130_fd_pr__diode_pw2nd_05v5 (2)         |sky130_fd_pr__diode_pw2nd_05v5 (2)         
sky130_fd_pr__nfet_05v0_nvt (2)            |sky130_fd_pr__nfet_05v0_nvt (2)            
Number of devices: 25                      |Number of devices: 25                      
Number of nets: 17                         |Number of nets: 17                         
---------------------------------------------------------------------------------------
Netlists match uniquely.

Subcircuit pins:
Circuit 1: follower_amp                    |Circuit 2: follower_amp                    
-------------------------------------------|-------------------------------------------
in                                         |in                                         
vss                                        |vss                                        
ena                                        |ena                                        
vdd                                        |vdd                                        
out                                        |out                                        
vsub                                       |vsub                                       
---------------------------------------------------------------------------------------
Cell pin lists are equivalent.
Device classes follower_amp and follower_amp are equivalent.
Flattening unmatched subcell dac_3v_column_odd in circuit sky130_ef_ip__rdac3v_8bit (0)(8 instances)
Flattening unmatched subcell dac_3v_cell in circuit sky130_ef_ip__rdac3v_8bit (0)(64 instances)
Flattening unmatched subcell sky130_fd_pr__res_high_po_0p35_AW5QUD in circuit sky130_ef_ip__rdac3v_8bit (0)(128 instances)
Flattening unmatched subcell sky130_fd_pr__pfet_g5v0d10v5_9992MR in circuit sky130_ef_ip__rdac3v_8bit (0)(256 instances)
Flattening unmatched subcell sky130_fd_pr__nfet_g5v0d10v5_NHLDUY in circuit sky130_ef_ip__rdac3v_8bit (0)(256 instances)
Flattening unmatched subcell dac_3v_cell_top in circuit sky130_ef_ip__rdac3v_8bit (0)(8 instances)
Flattening unmatched subcell sky130_fd_pr__res_high_po_0p35_AW5QUD in circuit sky130_ef_ip__rdac3v_8bit (0)(16 instances)
Flattening unmatched subcell sky130_fd_pr__pfet_g5v0d10v5_9992MR in circuit sky130_ef_ip__rdac3v_8bit (0)(32 instances)
Flattening unmatched subcell sky130_fd_pr__nfet_g5v0d10v5_NHLDUY in circuit sky130_ef_ip__rdac3v_8bit (0)(32 instances)
Flattening unmatched subcell dac_3v_cell_odd in circuit sky130_ef_ip__rdac3v_8bit (0)(8 instances)
Flattening unmatched subcell sky130_fd_pr__res_high_po_0p35_AW5QUD in circuit sky130_ef_ip__rdac3v_8bit (0)(16 instances)
Flattening unmatched subcell sky130_fd_pr__pfet_g5v0d10v5_9992MR in circuit sky130_ef_ip__rdac3v_8bit (0)(32 instances)
Flattening unmatched subcell sky130_fd_pr__nfet_g5v0d10v5_NHLDUY in circuit sky130_ef_ip__rdac3v_8bit (0)(32 instances)
Flattening unmatched subcell dac_3v_column in circuit sky130_ef_ip__rdac3v_8bit (0)(8 instances)
Flattening unmatched subcell dac_3v_cell in circuit sky130_ef_ip__rdac3v_8bit (0)(72 instances)
Flattening unmatched subcell sky130_fd_pr__res_high_po_0p35_AW5QUD in circuit sky130_ef_ip__rdac3v_8bit (0)(144 instances)
Flattening unmatched subcell sky130_fd_pr__pfet_g5v0d10v5_9992MR in circuit sky130_ef_ip__rdac3v_8bit (0)(288 instances)
Flattening unmatched subcell sky130_fd_pr__nfet_g5v0d10v5_NHLDUY in circuit sky130_ef_ip__rdac3v_8bit (0)(288 instances)
Flattening unmatched subcell dac_3v_cell_top in circuit sky130_ef_ip__rdac3v_8bit (0)(8 instances)
Flattening unmatched subcell sky130_fd_pr__res_high_po_0p35_AW5QUD in circuit sky130_ef_ip__rdac3v_8bit (0)(16 instances)
Flattening unmatched subcell sky130_fd_pr__pfet_g5v0d10v5_9992MR in circuit sky130_ef_ip__rdac3v_8bit (0)(32 instances)
Flattening unmatched subcell sky130_fd_pr__nfet_g5v0d10v5_NHLDUY in circuit sky130_ef_ip__rdac3v_8bit (0)(32 instances)
Flattening unmatched subcell level_shifter_array in circuit sky130_ef_ip__rdac3v_8bit (0)(1 instance)
Flattening unmatched subcell rdac_level_shifter in circuit sky130_ef_ip__rdac3v_8bit (0)(8 instances)
Flattening unmatched subcell sky130_fd_pr__diode_pw2nd_05v5_4AXGXB in circuit sky130_ef_ip__rdac3v_8bit (0)(8 instances)
Flattening unmatched subcell dac_3v_column_dummy in circuit sky130_ef_ip__rdac3v_8bit (0)(2 instances)
Flattening unmatched subcell dac_3v_cell_dummy in circuit sky130_ef_ip__rdac3v_8bit (0)(20 instances)
Flattening unmatched subcell sky130_fd_pr__res_high_po_0p35_AW5QUD in circuit sky130_ef_ip__rdac3v_8bit (0)(40 instances)
Flattening unmatched subcell sky130_fd_pr__pfet_g5v0d10v5_9992MR in circuit sky130_ef_ip__rdac3v_8bit (0)(80 instances)
Flattening unmatched subcell sky130_fd_pr__nfet_g5v0d10v5_NHLDUY in circuit sky130_ef_ip__rdac3v_8bit (0)(80 instances)
Flattening unmatched subcell dac_half in circuit sky130_ef_ip__rdac3v_8bit (1)(2 instances)
Flattening unmatched subcell dac_column in circuit sky130_ef_ip__rdac3v_8bit (1)(32 instances)
Flattening unmatched subcell passtrans in circuit sky130_ef_ip__rdac3v_8bit (1)(640 instances)
Flattening unmatched subcell level_shifter in circuit sky130_ef_ip__rdac3v_8bit (1)(8 instances)
Flattening unmatched subcell dac_column_dummy in circuit sky130_ef_ip__rdac3v_8bit (1)(4 instances)
Flattening unmatched subcell passtrans in circuit sky130_ef_ip__rdac3v_8bit (1)(80 instances)

Class sky130_ef_ip__rdac3v_8bit (0):  Merged 35 parallel devices.
Class sky130_ef_ip__rdac3v_8bit (1):  Merged 35 parallel devices.
Subcircuit summary:
Circuit 1: sky130_ef_ip__rdac3v_8bit       |Circuit 2: sky130_ef_ip__rdac3v_8bit       
-------------------------------------------|-------------------------------------------
sky130_fd_pr__res_high_po_0p35 (360->325)  |sky130_fd_pr__res_high_po_0p35 (360->325)  
sky130_fd_pr__pfet_g5v0d10v5 (720)         |sky130_fd_pr__pfet_g5v0d10v5 (720)         
sky130_fd_pr__nfet_g5v0d10v5 (720)         |sky130_fd_pr__nfet_g5v0d10v5 (720)         
follower_amp (1)                           |follower_amp (1)                           
sky130_fd_sc_hvl__inv_8 (16)               |sky130_fd_sc_hvl__inv_8 (16)               
sky130_fd_sc_hvl__inv_4 (8)                |sky130_fd_sc_hvl__inv_4 (8)                
sky130_fd_sc_hvl__inv_2 (8)                |sky130_fd_sc_hvl__inv_2 (8)                
sky130_fd_sc_hvl__lsbuflv2hv_1 (8)         |sky130_fd_sc_hvl__lsbuflv2hv_1 (8)         
sky130_fd_pr__diode_pw2nd_05v5 (8)         |sky130_fd_pr__diode_pw2nd_05v5 (8)         
Number of devices: 1814                    |Number of devices: 1814                    
Number of nets: 739                        |Number of nets: 739                        
---------------------------------------------------------------------------------------
Resolving symmetries by property value.
Resolving symmetries by pin name.
Netlists match with 23 symmetries.

Subcircuit pins:
Circuit 1: sky130_ef_ip__rdac3v_8bit       |Circuit 2: sky130_ef_ip__rdac3v_8bit       
-------------------------------------------|-------------------------------------------
dvdd                                       |dvdd                                       
b2                                         |b2                                         
b1                                         |b1                                         
b7                                         |b7                                         
b0                                         |b0                                         
b6                                         |b6                                         
b5                                         |b5                                         
b4                                         |b4                                         
b3                                         |b3                                         
dvss                                       |dvss                                       
out                                        |out                                        
ena                                        |ena                                        
vss                                        |vss                                        
vdd                                        |vdd                                        
Vlow                                       |Vlow                                       
Vhigh                                      |Vhigh                                      
---------------------------------------------------------------------------------------
Cell pin lists are equivalent.
Device classes sky130_ef_ip__rdac3v_8bit and sky130_ef_ip__rdac3v_8bit are equivalent.

Final result: Circuits match uniquely.
.
