
Circuit 1 cell sky130_fd_pr__res_high_po_0p35 and Circuit 2 cell sky130_fd_pr__res_high_po_0p35 are black boxes.
Warning: Equate pins:  cell sky130_fd_pr__res_high_po_0p35 is a placeholder, treated as a black box.
Warning: Equate pins:  cell sky130_fd_pr__res_high_po_0p35 is a placeholder, treated as a black box.

Subcircuit pins:
Circuit 1: sky130_fd_pr__res_high_po_0p35  |Circuit 2: sky130_fd_pr__res_high_po_0p35  
-------------------------------------------|-------------------------------------------
1                                          |1                                          
2                                          |2                                          
3                                          |3                                          
---------------------------------------------------------------------------------------
Cell pin lists are equivalent.
Device classes sky130_fd_pr__res_high_po_0p35 and sky130_fd_pr__res_high_po_0p35 are equivalent.

Circuit 1 cell sky130_fd_pr__pfet_g5v0d10v5 and Circuit 2 cell sky130_fd_pr__pfet_g5v0d10v5 are black boxes.
Warning: Equate pins:  cell sky130_fd_pr__pfet_g5v0d10v5 is a placeholder, treated as a black box.
Warning: Equate pins:  cell sky130_fd_pr__pfet_g5v0d10v5 is a placeholder, treated as a black box.

Subcircuit pins:
Circuit 1: sky130_fd_pr__pfet_g5v0d10v5    |Circuit 2: sky130_fd_pr__pfet_g5v0d10v5    
-------------------------------------------|-------------------------------------------
1                                          |1                                          
2                                          |2                                          
3                                          |3                                          
4                                          |4                                          
---------------------------------------------------------------------------------------
Cell pin lists are equivalent.
Device classes sky130_fd_pr__pfet_g5v0d10v5 and sky130_fd_pr__pfet_g5v0d10v5 are equivalent.

Circuit 1 cell sky130_fd_pr__nfet_g5v0d10v5 and Circuit 2 cell sky130_fd_pr__nfet_g5v0d10v5 are black boxes.
Warning: Equate pins:  cell sky130_fd_pr__nfet_g5v0d10v5 is a placeholder, treated as a black box.
Warning: Equate pins:  cell sky130_fd_pr__nfet_g5v0d10v5 is a placeholder, treated as a black box.

Subcircuit pins:
Circuit 1: sky130_fd_pr__nfet_g5v0d10v5    |Circuit 2: sky130_fd_pr__nfet_g5v0d10v5    
-------------------------------------------|-------------------------------------------
1                                          |1                                          
2                                          |2                                          
3                                          |3                                          
4                                          |4                                          
---------------------------------------------------------------------------------------
Cell pin lists are equivalent.
Device classes sky130_fd_pr__nfet_g5v0d10v5 and sky130_fd_pr__nfet_g5v0d10v5 are equivalent.

Circuit 1 cell sky130_fd_pr__nfet_01v8 and Circuit 2 cell sky130_fd_pr__nfet_01v8 are black boxes.
Warning: Equate pins:  cell sky130_fd_pr__nfet_01v8 is a placeholder, treated as a black box.
Warning: Equate pins:  cell sky130_fd_pr__nfet_01v8 is a placeholder, treated as a black box.

Subcircuit pins:
Circuit 1: sky130_fd_pr__nfet_01v8         |Circuit 2: sky130_fd_pr__nfet_01v8         
-------------------------------------------|-------------------------------------------
1                                          |1                                          
2                                          |2                                          
3                                          |3                                          
4                                          |4                                          
---------------------------------------------------------------------------------------
Cell pin lists are equivalent.
Device classes sky130_fd_pr__nfet_01v8 and sky130_fd_pr__nfet_01v8 are equivalent.

Circuit 1 cell sky130_fd_pr__pfet_01v8_hvt and Circuit 2 cell sky130_fd_pr__pfet_01v8_hvt are black boxes.
Warning: Equate pins:  cell sky130_fd_pr__pfet_01v8_hvt is a placeholder, treated as a black box.
Warning: Equate pins:  cell sky130_fd_pr__pfet_01v8_hvt is a placeholder, treated as a black box.

Subcircuit pins:
Circuit 1: sky130_fd_pr__pfet_01v8_hvt     |Circuit 2: sky130_fd_pr__pfet_01v8_hvt     
-------------------------------------------|-------------------------------------------
1                                          |1                                          
2                                          |2                                          
3                                          |3                                          
4                                          |4                                          
---------------------------------------------------------------------------------------
Cell pin lists are equivalent.
Device classes sky130_fd_pr__pfet_01v8_hvt and sky130_fd_pr__pfet_01v8_hvt are equivalent.

Circuit 1 cell sky130_fd_pr__res_xhigh_po_0p35 and Circuit 2 cell sky130_fd_pr__res_xhigh_po_0p35 are black boxes.
Warning: Equate pins:  cell sky130_fd_pr__res_xhigh_po_0p35 is a placeholder, treated as a black box.
Warning: Equate pins:  cell sky130_fd_pr__res_xhigh_po_0p35 is a placeholder, treated as a black box.

Subcircuit pins:
Circuit 1: sky130_fd_pr__res_xhigh_po_0p35 |Circuit 2: sky130_fd_pr__res_xhigh_po_0p35 
-------------------------------------------|-------------------------------------------
1                                          |1                                          
2                                          |2                                          
3                                          |3                                          
---------------------------------------------------------------------------------------
Cell pin lists are equivalent.
Device classes sky130_fd_pr__res_xhigh_po_0p35 and sky130_fd_pr__res_xhigh_po_0p35 are equivalent.

Circuit 1 cell sky130_fd_pr__nfet_03v3_nvt and Circuit 2 cell sky130_fd_pr__nfet_03v3_nvt are black boxes.
Warning: Equate pins:  cell sky130_fd_pr__nfet_03v3_nvt is a placeholder, treated as a black box.
Warning: Equate pins:  cell sky130_fd_pr__nfet_03v3_nvt is a placeholder, treated as a black box.

Subcircuit pins:
Circuit 1: sky130_fd_pr__nfet_03v3_nvt     |Circuit 2: sky130_fd_pr__nfet_03v3_nvt     
-------------------------------------------|-------------------------------------------
1                                          |1                                          
2                                          |2                                          
3                                          |3                                          
4                                          |4                                          
---------------------------------------------------------------------------------------
Cell pin lists are equivalent.
Device classes sky130_fd_pr__nfet_03v3_nvt and sky130_fd_pr__nfet_03v3_nvt are equivalent.

Class sky130_fd_sc_hvl__inv_8 (0):  Merged 14 parallel devices.
Class sky130_fd_sc_hvl__inv_8 (1):  Merged 14 parallel devices.
Subcircuit summary:
Circuit 1: sky130_fd_sc_hvl__inv_8         |Circuit 2: sky130_fd_sc_hvl__inv_8         
-------------------------------------------|-------------------------------------------
sky130_fd_pr__pfet_g5v0d10v5 (8->1)        |sky130_fd_pr__pfet_g5v0d10v5 (8->1)        
sky130_fd_pr__nfet_g5v0d10v5 (8->1)        |sky130_fd_pr__nfet_g5v0d10v5 (8->1)        
Number of devices: 2                       |Number of devices: 2                       
Number of nets: 6                          |Number of nets: 6                          
---------------------------------------------------------------------------------------
Netlists match uniquely.

Subcircuit pins:
Circuit 1: sky130_fd_sc_hvl__inv_8         |Circuit 2: sky130_fd_sc_hvl__inv_8         
-------------------------------------------|-------------------------------------------
VPWR                                       |VPWR                                       
VPB                                        |VPB                                        
VGND                                       |VGND                                       
VNB                                        |VNB                                        
A                                          |A                                          
Y                                          |Y                                          
---------------------------------------------------------------------------------------
Cell pin lists are equivalent.
Device classes sky130_fd_sc_hvl__inv_8 and sky130_fd_sc_hvl__inv_8 are equivalent.

Class sky130_fd_sc_hvl__inv_4 (0):  Merged 6 parallel devices.
Class sky130_fd_sc_hvl__inv_4 (1):  Merged 6 parallel devices.
Subcircuit summary:
Circuit 1: sky130_fd_sc_hvl__inv_4         |Circuit 2: sky130_fd_sc_hvl__inv_4         
-------------------------------------------|-------------------------------------------
sky130_fd_pr__pfet_g5v0d10v5 (4->1)        |sky130_fd_pr__pfet_g5v0d10v5 (4->1)        
sky130_fd_pr__nfet_g5v0d10v5 (4->1)        |sky130_fd_pr__nfet_g5v0d10v5 (4->1)        
Number of devices: 2                       |Number of devices: 2                       
Number of nets: 6                          |Number of nets: 6                          
---------------------------------------------------------------------------------------
Netlists match uniquely.

Subcircuit pins:
Circuit 1: sky130_fd_sc_hvl__inv_4         |Circuit 2: sky130_fd_sc_hvl__inv_4         
-------------------------------------------|-------------------------------------------
Y                                          |Y                                          
A                                          |A                                          
VPWR                                       |VPWR                                       
VPB                                        |VPB                                        
VGND                                       |VGND                                       
VNB                                        |VNB                                        
---------------------------------------------------------------------------------------
Cell pin lists are equivalent.
Device classes sky130_fd_sc_hvl__inv_4 and sky130_fd_sc_hvl__inv_4 are equivalent.

Class sky130_fd_sc_hvl__inv_2 (0):  Merged 2 parallel devices.
Class sky130_fd_sc_hvl__inv_2 (1):  Merged 2 parallel devices.
Subcircuit summary:
Circuit 1: sky130_fd_sc_hvl__inv_2         |Circuit 2: sky130_fd_sc_hvl__inv_2         
-------------------------------------------|-------------------------------------------
sky130_fd_pr__pfet_g5v0d10v5 (2->1)        |sky130_fd_pr__pfet_g5v0d10v5 (2->1)        
sky130_fd_pr__nfet_g5v0d10v5 (2->1)        |sky130_fd_pr__nfet_g5v0d10v5 (2->1)        
Number of devices: 2                       |Number of devices: 2                       
Number of nets: 6                          |Number of nets: 6                          
---------------------------------------------------------------------------------------
Netlists match uniquely.

Subcircuit pins:
Circuit 1: sky130_fd_sc_hvl__inv_2         |Circuit 2: sky130_fd_sc_hvl__inv_2         
-------------------------------------------|-------------------------------------------
A                                          |A                                          
Y                                          |Y                                          
VPWR                                       |VPWR                                       
VPB                                        |VPB                                        
VGND                                       |VGND                                       
VNB                                        |VNB                                        
---------------------------------------------------------------------------------------
Cell pin lists are equivalent.
Device classes sky130_fd_sc_hvl__inv_2 and sky130_fd_sc_hvl__inv_2 are equivalent.

Class sky130_fd_sc_hvl__lsbuflv2hv_1 (0):  Merged 8 parallel devices.
Class sky130_fd_sc_hvl__lsbuflv2hv_1 (1):  Merged 8 parallel devices.
Subcircuit summary:
Circuit 1: sky130_fd_sc_hvl__lsbuflv2hv_1  |Circuit 2: sky130_fd_sc_hvl__lsbuflv2hv_1  
-------------------------------------------|-------------------------------------------
sky130_fd_pr__nfet_g5v0d10v5 (12->4)       |sky130_fd_pr__nfet_g5v0d10v5 (12->4)       
sky130_fd_pr__pfet_g5v0d10v5 (4)           |sky130_fd_pr__pfet_g5v0d10v5 (4)           
sky130_fd_pr__nfet_01v8 (2)                |sky130_fd_pr__nfet_01v8 (2)                
sky130_fd_pr__pfet_01v8_hvt (2)            |sky130_fd_pr__pfet_01v8_hvt (2)            
Number of devices: 12                      |Number of devices: 12                      
Number of nets: 12                         |Number of nets: 12                         
---------------------------------------------------------------------------------------
Netlists match uniquely.

Subcircuit pins:
Circuit 1: sky130_fd_sc_hvl__lsbuflv2hv_1  |Circuit 2: sky130_fd_sc_hvl__lsbuflv2hv_1  
-------------------------------------------|-------------------------------------------
VPWR                                       |VPWR                                       
VPB                                        |VPB                                        
LVPWR                                      |LVPWR                                      
X                                          |X                                          
A                                          |A                                          
VGND                                       |VGND                                       
VNB                                        |VNB                                        
---------------------------------------------------------------------------------------
Cell pin lists are equivalent.
Device classes sky130_fd_sc_hvl__lsbuflv2hv_1 and sky130_fd_sc_hvl__lsbuflv2hv_1 are equivalent.
Flattening unmatched subcell sky130_fd_pr__diode_pw2nd_05v5_4AXGXB in circuit level_shifter (0)(1 instance)

Subcircuit summary:
Circuit 1: level_shifter                   |Circuit 2: level_shifter                   
-------------------------------------------|-------------------------------------------
sky130_fd_sc_hvl__inv_8 (2)                |sky130_fd_sc_hvl__inv_8 (2)                
sky130_fd_sc_hvl__inv_4 (1)                |sky130_fd_sc_hvl__inv_4 (1)                
sky130_fd_sc_hvl__inv_2 (1)                |sky130_fd_sc_hvl__inv_2 (1)                
sky130_fd_sc_hvl__lsbuflv2hv_1 (1)         |sky130_fd_sc_hvl__lsbuflv2hv_1 (1)         
sky130_fd_pr__diode_pw2nd_05v5 (1)         |sky130_fd_pr__diode_pw2nd_05v5 (1)         
Number of devices: 6                       |Number of devices: 6                       
Number of nets: 9                          |Number of nets: 9                          
---------------------------------------------------------------------------------------
Netlists match uniquely with property errors.
sky130_fd_pr__diode_pw2nd_05v5_4AXGXB_0/sky130_fd_pr__diode_pw2nd_05v5:0 vs. sky130_fd_pr__diode_pw2nd_05v5:D1:
 area circuit1: 2.025e+11   circuit2: 1   (delta=200%, cutoff=2%)
 pj circuit1: 1.8e+06   circuit2: 4e+06   (delta=75.9%, cutoff=2%)

Subcircuit pins:
Circuit 1: level_shifter                   |Circuit 2: level_shifter                   
-------------------------------------------|-------------------------------------------
dvdd                                       |dvdd                                       
bit_out                                    |bit_out                                    
avdd                                       |vdd **Mismatch**                           
agnd                                       |dvss **Mismatch**                          
bit_in                                     |bit_in                                     
bitb_out                                   |bitb_out                                   
---------------------------------------------------------------------------------------
Cell pin lists for level_shifter and level_shifter altered to match.
Device classes level_shifter and level_shifter are equivalent.

Cell sky130_fd_pr__diode_pw2nd_05v5 (0) disconnected node: anode
Cell sky130_fd_pr__diode_pw2nd_05v5 (0) disconnected node: cathode
Warning: Equate pins:  cell sky130_fd_pr__diode_pw2nd_05v5 is a placeholder, treated as a black box.

Subcircuit pins:
Circuit 1: sky130_fd_pr__diode_pw2nd_05v5  |Circuit 2: sky130_fd_pr__diode_pw2nd_05v5  
-------------------------------------------|-------------------------------------------
(no matching pin)                          |1                                          
(no matching pin)                          |2                                          
anode                                      |(no matching pin)                          
cathode                                    |(no matching pin)                          
---------------------------------------------------------------------------------------
Cell pin lists are equivalent.
Device classes sky130_fd_pr__diode_pw2nd_05v5 and sky130_fd_pr__diode_pw2nd_05v5 are equivalent.
Flattening unmatched subcell sky130_fd_pr__pfet_g5v0d10v5_U6NWY6 in circuit follower_amp (0)(1 instance)
Flattening unmatched subcell sky130_fd_pr__pfet_g5v0d10v5_U62SY6 in circuit follower_amp (0)(7 instances)
Flattening unmatched subcell sky130_fd_pr__nfet_g5v0d10v5_EJGQJV in circuit follower_amp (0)(8 instances)
Flattening unmatched subcell sky130_fd_pr__res_xhigh_po_0p35_D7NTZ8 in circuit follower_amp (0)(1 instance)
Flattening unmatched subcell sky130_fd_pr__nfet_03v3_nvt_EJGQJV in circuit follower_amp (0)(2 instances)
Flattening unmatched subcell sky130_fd_pr__diode_pw2nd_05v5_L93GHW in circuit follower_amp (0)(2 instances)
Flattening unmatched subcell sky130_fd_pr__pfet_g5v0d10v5_AQ2AJT in circuit follower_amp (0)(2 instances)
Flattening unmatched subcell sky130_fd_pr__nfet_g5v0d10v5_H7BQ24 in circuit follower_amp (0)(1 instance)
Flattening unmatched subcell sky130_fd_pr__nfet_g5v0d10v5_UC3VEF in circuit follower_amp (0)(1 instance)

Class follower_amp (0):  Merged 527 parallel devices.
Class follower_amp (0):  Merged 3 series devices.
Subcircuit summary:
Circuit 1: follower_amp                    |Circuit 2: follower_amp                    
-------------------------------------------|-------------------------------------------
sky130_fd_pr__pfet_g5v0d10v5 (415->10)     |sky130_fd_pr__pfet_g5v0d10v5 (10)          
sky130_fd_pr__nfet_g5v0d10v5 (132->10)     |sky130_fd_pr__nfet_g5v0d10v5 (10)          
sky130_fd_pr__res_xhigh_po_0p35 (4->1)     |sky130_fd_pr__res_xhigh_po_0p35 (1)        
sky130_fd_pr__nfet_03v3_nvt (2)            |sky130_fd_pr__nfet_03v3_nvt (2)            
sky130_fd_pr__diode_pw2nd_05v5 (2)         |sky130_fd_pr__diode_pw2nd_05v5 (2)         
Number of devices: 25                      |Number of devices: 25                      
Number of nets: 21                         |Number of nets: 21                         
---------------------------------------------------------------------------------------
NET mismatches: Class fragments follow (with fanout counts):
Circuit 1: follower_amp                    |Circuit 2: follower_amp                    

---------------------------------------------------------------------------------------
Net: /sky130_fd_pr__diode_pw2nd_05v5_L93GH |Net: dummy_21                              
  sky130_fd_pr__diode_pw2nd_05v5/proxy2 =  |  sky130_fd_pr__diode_pw2nd_05v5/proxycath 
                                           |                                           
Net: /sky130_fd_pr__diode_pw2nd_05v5_L93GH |Net: dummy_20                              
  sky130_fd_pr__diode_pw2nd_05v5/proxy1 =  |  sky130_fd_pr__diode_pw2nd_05v5/proxyanod 
                                           |                                           
Net: /sky130_fd_pr__diode_pw2nd_05v5_L93GH |Net: dummy_19                              
  sky130_fd_pr__diode_pw2nd_05v5/proxy2 =  |  sky130_fd_pr__diode_pw2nd_05v5/proxycath 
                                           |                                           
Net: /sky130_fd_pr__diode_pw2nd_05v5_L93GH |Net: dummy_18                              
  sky130_fd_pr__diode_pw2nd_05v5/proxy1 =  |  sky130_fd_pr__diode_pw2nd_05v5/proxyanod 
---------------------------------------------------------------------------------------

---------------------------------------------------------------------------------------
Net: vss                                   |Net: vss                                   
  sky130_fd_pr__nfet_g5v0d10v5/4 = 10      |  sky130_fd_pr__nfet_g5v0d10v5/4 = 10      
  sky130_fd_pr__nfet_g5v0d10v5/(1|3) = 7   |  sky130_fd_pr__nfet_g5v0d10v5/(1|3) = 7   
  sky130_fd_pr__res_xhigh_po_0p35/3 = 1    |  sky130_fd_pr__res_xhigh_po_0p35/3 = 1    
  sky130_fd_pr__nfet_03v3_nvt/4 = 2        |  sky130_fd_pr__nfet_03v3_nvt/4 = 2        
  sky130_fd_pr__diode_pw2nd_05v5/anode = 2 |  sky130_fd_pr__diode_pw2nd_05v5/1 = 2     
---------------------------------------------------------------------------------------

---------------------------------------------------------------------------------------
Net: ena                                   |Net: ena                                   
  sky130_fd_pr__nfet_g5v0d10v5/2 = 1       |  sky130_fd_pr__nfet_g5v0d10v5/2 = 1       
  sky130_fd_pr__diode_pw2nd_05v5/cathode = |  sky130_fd_pr__diode_pw2nd_05v5/2 = 1     
---------------------------------------------------------------------------------------

---------------------------------------------------------------------------------------
Net: in                                    |Net: in                                    
  sky130_fd_pr__pfet_g5v0d10v5/2 = 1       |  sky130_fd_pr__pfet_g5v0d10v5/2 = 1       
  sky130_fd_pr__nfet_g5v0d10v5/2 = 1       |  sky130_fd_pr__nfet_g5v0d10v5/2 = 1       
  sky130_fd_pr__nfet_03v3_nvt/2 = 1        |  sky130_fd_pr__nfet_03v3_nvt/2 = 1        
  sky130_fd_pr__diode_pw2nd_05v5/cathode = |  sky130_fd_pr__diode_pw2nd_05v5/2 = 1     
---------------------------------------------------------------------------------------
DEVICE mismatches: Class fragments follow (with node fanout counts):
Circuit 1: follower_amp                    |Circuit 2: follower_amp                    

---------------------------------------------------------------------------------------
Instance: sky130_fd_pr__diode_pw2nd_05v5_L |Instance: sky130_fd_pr__diode_pw2nd_05v5:D 
  anode = 22                               |  proxyanode = 1                           
  cathode = 4                              |  proxycathode = 1                         
  proxy1 = 1                               |  1 = 22                                   
  proxy2 = 1                               |  2 = 2                                    
                                           |                                           
Instance: sky130_fd_pr__diode_pw2nd_05v5_L |Instance: sky130_fd_pr__diode_pw2nd_05v5:D 
  anode = 22                               |  proxyanode = 1                           
  cathode = 2                              |  proxycathode = 1                         
  proxy1 = 1                               |  1 = 22                                   
  proxy2 = 1                               |  2 = 4                                    
---------------------------------------------------------------------------------------
Netlists do not match.
  Flattening non-matched subcircuits follower_amp follower_amp
Flattening unmatched subcell dac_3v_column_odd in circuit dac_3v_8bit (0)(8 instances)
Flattening unmatched subcell dac_3v_cell in circuit dac_3v_8bit (0)(64 instances)
Flattening unmatched subcell sky130_fd_pr__res_high_po_0p35_AW5QUD in circuit dac_3v_8bit (0)(128 instances)
Flattening unmatched subcell sky130_fd_pr__pfet_g5v0d10v5_9992MR in circuit dac_3v_8bit (0)(256 instances)
Flattening unmatched subcell sky130_fd_pr__nfet_g5v0d10v5_NHLDUY in circuit dac_3v_8bit (0)(256 instances)
Flattening unmatched subcell dac_3v_cell_top in circuit dac_3v_8bit (0)(8 instances)
Flattening unmatched subcell sky130_fd_pr__res_high_po_0p35_AW5QUD in circuit dac_3v_8bit (0)(16 instances)
Flattening unmatched subcell sky130_fd_pr__pfet_g5v0d10v5_9992MR in circuit dac_3v_8bit (0)(32 instances)
Flattening unmatched subcell sky130_fd_pr__nfet_g5v0d10v5_NHLDUY in circuit dac_3v_8bit (0)(32 instances)
Flattening unmatched subcell dac_3v_cell_odd in circuit dac_3v_8bit (0)(8 instances)
Flattening unmatched subcell sky130_fd_pr__res_high_po_0p35_AW5QUD in circuit dac_3v_8bit (0)(16 instances)
Flattening unmatched subcell sky130_fd_pr__pfet_g5v0d10v5_9992MR in circuit dac_3v_8bit (0)(32 instances)
Flattening unmatched subcell sky130_fd_pr__nfet_g5v0d10v5_NHLDUY in circuit dac_3v_8bit (0)(32 instances)
Flattening unmatched subcell dac_3v_column in circuit dac_3v_8bit (0)(8 instances)
Flattening unmatched subcell dac_3v_cell in circuit dac_3v_8bit (0)(72 instances)
Flattening unmatched subcell sky130_fd_pr__res_high_po_0p35_AW5QUD in circuit dac_3v_8bit (0)(144 instances)
Flattening unmatched subcell sky130_fd_pr__pfet_g5v0d10v5_9992MR in circuit dac_3v_8bit (0)(288 instances)
Flattening unmatched subcell sky130_fd_pr__nfet_g5v0d10v5_NHLDUY in circuit dac_3v_8bit (0)(288 instances)
Flattening unmatched subcell dac_3v_cell_top in circuit dac_3v_8bit (0)(8 instances)
Flattening unmatched subcell sky130_fd_pr__res_high_po_0p35_AW5QUD in circuit dac_3v_8bit (0)(16 instances)
Flattening unmatched subcell sky130_fd_pr__pfet_g5v0d10v5_9992MR in circuit dac_3v_8bit (0)(32 instances)
Flattening unmatched subcell sky130_fd_pr__nfet_g5v0d10v5_NHLDUY in circuit dac_3v_8bit (0)(32 instances)
Flattening unmatched subcell level_shifter_array in circuit dac_3v_8bit (0)(1 instance)
Flattening unmatched subcell dac_3v_column_dummy in circuit dac_3v_8bit (0)(2 instances)
Flattening unmatched subcell dac_3v_cell_dummy in circuit dac_3v_8bit (0)(20 instances)
Flattening unmatched subcell sky130_fd_pr__res_high_po_0p35_AW5QUD in circuit dac_3v_8bit (0)(40 instances)
Flattening unmatched subcell sky130_fd_pr__pfet_g5v0d10v5_9992MR in circuit dac_3v_8bit (0)(80 instances)
Flattening unmatched subcell sky130_fd_pr__nfet_g5v0d10v5_NHLDUY in circuit dac_3v_8bit (0)(80 instances)
Flattening unmatched subcell dac_half in circuit dac_3v_8bit (1)(2 instances)
Flattening unmatched subcell dac_column in circuit dac_3v_8bit (1)(32 instances)
Flattening unmatched subcell passtrans in circuit dac_3v_8bit (1)(640 instances)
Flattening unmatched subcell dac_column_dummy in circuit dac_3v_8bit (1)(4 instances)
Flattening unmatched subcell passtrans in circuit dac_3v_8bit (1)(80 instances)

Class dac_3v_8bit (0):  Merged 35 parallel devices.
Class dac_3v_8bit (1):  Merged 71 parallel devices.
Subcircuit summary:
Circuit 1: dac_3v_8bit                     |Circuit 2: dac_3v_8bit                     
-------------------------------------------|-------------------------------------------
sky130_fd_pr__res_high_po_0p35 (360->325)  |sky130_fd_pr__res_high_po_0p35 (396->325)  
sky130_fd_pr__pfet_g5v0d10v5 (1135->730)   |sky130_fd_pr__pfet_g5v0d10v5 (730)         
sky130_fd_pr__nfet_g5v0d10v5 (852->730)    |sky130_fd_pr__nfet_g5v0d10v5 (730)         
sky130_fd_pr__res_xhigh_po_0p35 (4->1)     |sky130_fd_pr__res_xhigh_po_0p35 (1)        
sky130_fd_pr__nfet_03v3_nvt (2)            |sky130_fd_pr__nfet_03v3_nvt (2)            
sky130_fd_pr__diode_pw2nd_05v5 (2)         |sky130_fd_pr__diode_pw2nd_05v5 (2)         
level_shifter (8)                          |level_shifter (8)                          
Number of devices: 1798                    |Number of devices: 1798                    
Number of nets: 835 **Mismatch**           |Number of nets: 731 **Mismatch**           
---------------------------------------------------------------------------------------
NET mismatches: Class fragments follow (with fanout counts):
Circuit 1: dac_3v_8bit                     |Circuit 2: dac_3v_8bit                     

---------------------------------------------------------------------------------------
Net: vdd                                   |Net: vdd                                   
  sky130_fd_pr__pfet_g5v0d10v5/4 = 330     |  sky130_fd_pr__pfet_g5v0d10v5/4 = 730     
  sky130_fd_pr__pfet_g5v0d10v5/2 = 178     |  sky130_fd_pr__pfet_g5v0d10v5/2 = 210     
  sky130_fd_pr__pfet_g5v0d10v5/(1|3) = 8   |  sky130_fd_pr__pfet_g5v0d10v5/(1|3) = 8   
  sky130_fd_pr__res_xhigh_po_0p35/(1|2) =  |  sky130_fd_pr__res_xhigh_po_0p35/(1|2) =  
  level_shifter/avdd = 8                   |  level_shifter/vdd = 8                    
                                           |                                           
Net: /dac_3v_column_0[4]/m2_791_1314#      |(no matching net)                          
  sky130_fd_pr__pfet_g5v0d10v5/2 = 2       |                                           
  sky130_fd_pr__pfet_g5v0d10v5/4 = 4       |                                           
                                           |                                           
Net: /dac_3v_column_0[0]/m2_791_1314#      |(no matching net)                          
  sky130_fd_pr__pfet_g5v0d10v5/2 = 2       |                                           
  sky130_fd_pr__pfet_g5v0d10v5/4 = 4       |                                           
                                           |                                           
Net: /dac_3v_column_odd_0[3]/dac_3v_cell_0 |(no matching net)                          
  sky130_fd_pr__pfet_g5v0d10v5/4 = 4       |                                           
                                           |                                           
Net: /dac_3v_column_odd_0[7]/dac_3v_cell_0 |(no matching net)                          
  sky130_fd_pr__pfet_g5v0d10v5/4 = 4       |                                           
                                           |                                           
Net: /dac_3v_column_0[0]/dac_3v_cell_0[2]/ |(no matching net)                          
  sky130_fd_pr__pfet_g5v0d10v5/4 = 4       |                                           
                                           |                                           
Net: /dac_3v_column_0[4]/dac_3v_cell_0[2]/ |(no matching net)                          
  sky130_fd_pr__pfet_g5v0d10v5/4 = 4       |                                           
                                           |                                           
Net: /dac_3v_column_odd_0[3]/dac_3v_cell_0 |(no matching net)                          
  sky130_fd_pr__pfet_g5v0d10v5/4 = 4       |                                           
                                           |                                           
Net: /dac_3v_column_odd_0[7]/dac_3v_cell_0 |(no matching net)                          
  sky130_fd_pr__pfet_g5v0d10v5/4 = 4       |                                           
                                           |                                           
Net: /dac_3v_column_0[0]/dac_3v_cell_0[6]/ |(no matching net)                          
  sky130_fd_pr__pfet_g5v0d10v5/4 = 4       |                                           
                                           |                                           
Net: /dac_3v_column_0[4]/dac_3v_cell_0[6]/ |(no matching net)                          
  sky130_fd_pr__pfet_g5v0d10v5/4 = 4       |                                           
                                           |                                           
Net: /dac_3v_column_odd_0[3]/dac_3v_cell_0 |(no matching net)                          
  sky130_fd_pr__pfet_g5v0d10v5/4 = 4       |                                           
                                           |                                           
Net: /dac_3v_column_odd_0[7]/dac_3v_cell_0 |(no matching net)                          
  sky130_fd_pr__pfet_g5v0d10v5/4 = 4       |                                           
                                           |                                           
Net: /dac_3v_column_0[0]/dac_3v_cell_0[3]/ |(no matching net)                          
  sky130_fd_pr__pfet_g5v0d10v5/4 = 4       |                                           
                                           |                                           
Net: /dac_3v_column_0[4]/dac_3v_cell_0[3]/ |(no matching net)                          
  sky130_fd_pr__pfet_g5v0d10v5/4 = 4       |                                           
                                           |                                           
Net: /dac_3v_column_odd_0[3]/dac_3v_cell_0 |(no matching net)                          
  sky130_fd_pr__pfet_g5v0d10v5/4 = 4       |                                           
                                           |                                           
Net: /dac_3v_column_odd_0[7]/dac_3v_cell_0 |(no matching net)                          
  sky130_fd_pr__pfet_g5v0d10v5/4 = 4       |                                           
                                           |                                           
Net: /dac_3v_column_0[0]/dac_3v_cell_0[5]/ |(no matching net)                          
  sky130_fd_pr__pfet_g5v0d10v5/4 = 4       |                                           
                                           |                                           
Net: /dac_3v_column_0[4]/dac_3v_cell_0[5]/ |(no matching net)                          
  sky130_fd_pr__pfet_g5v0d10v5/4 = 4       |                                           
                                           |                                           
Net: /dac_3v_column_0[0]/dac_3v_cell_0[1]/ |(no matching net)                          
  sky130_fd_pr__pfet_g5v0d10v5/4 = 4       |                                           
                                           |                                           
Net: /dac_3v_column_0[4]/dac_3v_cell_0[1]/ |(no matching net)                          
  sky130_fd_pr__pfet_g5v0d10v5/4 = 4       |                                           
                                           |                                           
Net: /dac_3v_column_0[0]/m2_801_196#       |(no matching net)                          
  sky130_fd_pr__pfet_g5v0d10v5/2 = 2       |                                           
  sky130_fd_pr__pfet_g5v0d10v5/4 = 2       |                                           
                                           |                                           
Net: /dac_3v_column_0[4]/m2_801_196#       |(no matching net)                          
  sky130_fd_pr__pfet_g5v0d10v5/2 = 2       |                                           
  sky130_fd_pr__pfet_g5v0d10v5/4 = 2       |                                           
---------------------------------------------------------------------------------------

---------------------------------------------------------------------------------------
Net: /dac_3v_column_0[4]/dac_3v_cell_0[4]/ |(no matching net)                          
  sky130_fd_pr__pfet_g5v0d10v5/4 = 4       |                                           
                                           |                                           
Net: /dac_3v_column_0[0]/dac_3v_cell_0[4]/ |(no matching net)                          
  sky130_fd_pr__pfet_g5v0d10v5/4 = 4       |                                           
---------------------------------------------------------------------------------------

---------------------------------------------------------------------------------------
Net: /dac_3v_column_odd_0[7]/dac_3v_cell_0 |(no matching net)                          
  sky130_fd_pr__pfet_g5v0d10v5/4 = 4       |                                           
                                           |                                           
Net: /dac_3v_column_odd_0[3]/dac_3v_cell_0 |(no matching net)                          
  sky130_fd_pr__pfet_g5v0d10v5/4 = 4       |                                           
---------------------------------------------------------------------------------------

---------------------------------------------------------------------------------------
Net: /dac_3v_column_odd_0[5]/dac_3v_cell_0 |(no matching net)                          
  sky130_fd_pr__pfet_g5v0d10v5/4 = 4       |                                           
                                           |                                           
Net: /dac_3v_column_odd_0[1]/dac_3v_cell_0 |(no matching net)                          
  sky130_fd_pr__pfet_g5v0d10v5/4 = 4       |                                           
---------------------------------------------------------------------------------------

---------------------------------------------------------------------------------------
Net: /dac_3v_column_odd_0[6]/dac_3v_cell_0 |(no matching net)                          
  sky130_fd_pr__pfet_g5v0d10v5/4 = 4       |                                           
                                           |                                           
Net: /dac_3v_column_odd_0[2]/dac_3v_cell_0 |(no matching net)                          
  sky130_fd_pr__pfet_g5v0d10v5/4 = 4       |                                           
---------------------------------------------------------------------------------------

---------------------------------------------------------------------------------------
Net: /dac_3v_column_odd_0[4]/dac_3v_cell_0 |(no matching net)                          
  sky130_fd_pr__pfet_g5v0d10v5/4 = 4       |                                           
                                           |                                           
Net: /dac_3v_column_odd_0[0]/dac_3v_cell_0 |(no matching net)                          
  sky130_fd_pr__pfet_g5v0d10v5/4 = 4       |                                           
---------------------------------------------------------------------------------------

---------------------------------------------------------------------------------------
Net: /dac_3v_column_0[6]/m2_791_1314#      |(no matching net)                          
  sky130_fd_pr__pfet_g5v0d10v5/2 = 2       |                                           
  sky130_fd_pr__pfet_g5v0d10v5/4 = 4       |                                           
                                           |                                           
Net: /dac_3v_column_0[2]/m2_791_1314#      |(no matching net)                          
  sky130_fd_pr__pfet_g5v0d10v5/2 = 2       |                                           
  sky130_fd_pr__pfet_g5v0d10v5/4 = 4       |                                           
---------------------------------------------------------------------------------------

---------------------------------------------------------------------------------------
Net: /dac_3v_column_0[7]/m2_791_1314#      |(no matching net)                          
  sky130_fd_pr__pfet_g5v0d10v5/2 = 2       |                                           
  sky130_fd_pr__pfet_g5v0d10v5/4 = 4       |                                           
                                           |                                           
Net: /dac_3v_column_0[3]/m2_791_1314#      |(no matching net)                          
  sky130_fd_pr__pfet_g5v0d10v5/2 = 2       |                                           
  sky130_fd_pr__pfet_g5v0d10v5/4 = 4       |                                           
---------------------------------------------------------------------------------------

---------------------------------------------------------------------------------------
Net: /dac_3v_column_0[5]/m2_791_1314#      |(no matching net)                          
  sky130_fd_pr__pfet_g5v0d10v5/2 = 2       |                                           
  sky130_fd_pr__pfet_g5v0d10v5/4 = 4       |                                           
                                           |                                           
Net: /dac_3v_column_0[1]/m2_791_1314#      |(no matching net)                          
  sky130_fd_pr__pfet_g5v0d10v5/2 = 2       |                                           
  sky130_fd_pr__pfet_g5v0d10v5/4 = 4       |                                           
---------------------------------------------------------------------------------------

---------------------------------------------------------------------------------------
Net: /dac_3v_column_odd_0[3]/dac_3v_cell_t |Net: dac_half:1/dac_column:10/net1         
  sky130_fd_pr__res_high_po_0p35/(1|2) = 2 |  sky130_fd_pr__nfet_g5v0d10v5/(1|3) = 1   
  sky130_fd_pr__pfet_g5v0d10v5/(1|3) = 1   |  sky130_fd_pr__pfet_g5v0d10v5/(1|3) = 1   
  sky130_fd_pr__nfet_g5v0d10v5/(1|3) = 1   |  sky130_fd_pr__res_high_po_0p35/(1|2) = 2 
                                           |                                           
Net: /dac_3v_column_odd_0[7]/dac_3v_cell_t |Net: dac_half:2/dac_column:10/net1         
  sky130_fd_pr__res_high_po_0p35/(1|2) = 2 |  sky130_fd_pr__nfet_g5v0d10v5/(1|3) = 1   
  sky130_fd_pr__pfet_g5v0d10v5/(1|3) = 1   |  sky130_fd_pr__pfet_g5v0d10v5/(1|3) = 1   
  sky130_fd_pr__nfet_g5v0d10v5/(1|3) = 1   |  sky130_fd_pr__res_high_po_0p35/(1|2) = 2 
---------------------------------------------------------------------------------------

---------------------------------------------------------------------------------------
(no matching net)                          |Net: dac_half:2/dac_column:7/net7          
                                           |  sky130_fd_pr__nfet_g5v0d10v5/(1|3) = 1   
                                           |  sky130_fd_pr__pfet_g5v0d10v5/(1|3) = 1   
                                           |  sky130_fd_pr__res_high_po_0p35/(1|2) = 2 
                                           |                                           
(no matching net)                          |Net: dac_half:1/dac_column:7/net7          
                                           |  sky130_fd_pr__nfet_g5v0d10v5/(1|3) = 1   
                                           |  sky130_fd_pr__pfet_g5v0d10v5/(1|3) = 1   
                                           |  sky130_fd_pr__res_high_po_0p35/(1|2) = 2 
---------------------------------------------------------------------------------------

---------------------------------------------------------------------------------------
Net: /dac_3v_column_0[4]/dac_3v_cell_0[7]/ |(no matching net)                          
  sky130_fd_pr__res_high_po_0p35/(1|2) = 2 |                                           
  sky130_fd_pr__pfet_g5v0d10v5/(1|3) = 1   |                                           
  sky130_fd_pr__nfet_g5v0d10v5/(1|3) = 1   |                                           
                                           |                                           
Net: /dac_3v_column_0[0]/dac_3v_cell_0[7]/ |(no matching net)                          
  sky130_fd_pr__res_high_po_0p35/(1|2) = 2 |                                           
  sky130_fd_pr__pfet_g5v0d10v5/(1|3) = 1   |                                           
  sky130_fd_pr__nfet_g5v0d10v5/(1|3) = 1   |                                           
---------------------------------------------------------------------------------------

---------------------------------------------------------------------------------------
Net: /dac_3v_column_odd_0[7]/dac_3v_cell_0 |Net: dac_half:2/dac_column:9/net4          
  sky130_fd_pr__res_high_po_0p35/(1|2) = 2 |  sky130_fd_pr__res_high_po_0p35/(1|2) = 2 
  sky130_fd_pr__pfet_g5v0d10v5/(1|3) = 1   |  sky130_fd_pr__pfet_g5v0d10v5/(1|3) = 1   
  sky130_fd_pr__nfet_g5v0d10v5/(1|3) = 1   |  sky130_fd_pr__nfet_g5v0d10v5/(1|3) = 1   
---------------------------------------------------------------------------------------

---------------------------------------------------------------------------------------
Net: /dac_3v_column_0[4]/dac_3v_cell_0[5]/ |Net: dac_half:2/dac_column:8/net4          
  sky130_fd_pr__res_high_po_0p35/(1|2) = 2 |  sky130_fd_pr__nfet_g5v0d10v5/(1|3) = 1   
  sky130_fd_pr__pfet_g5v0d10v5/(1|3) = 1   |  sky130_fd_pr__pfet_g5v0d10v5/(1|3) = 1   
  sky130_fd_pr__nfet_g5v0d10v5/(1|3) = 1   |  sky130_fd_pr__res_high_po_0p35/(1|2) = 2 
                                           |                                           
Net: /dac_3v_column_0[0]/dac_3v_cell_0[5]/ |Net: dac_half:1/dac_column:8/net4          
  sky130_fd_pr__res_high_po_0p35/(1|2) = 2 |  sky130_fd_pr__nfet_g5v0d10v5/(1|3) = 1   
  sky130_fd_pr__pfet_g5v0d10v5/(1|3) = 1   |  sky130_fd_pr__pfet_g5v0d10v5/(1|3) = 1   
  sky130_fd_pr__nfet_g5v0d10v5/(1|3) = 1   |  sky130_fd_pr__res_high_po_0p35/(1|2) = 2 
---------------------------------------------------------------------------------------

---------------------------------------------------------------------------------------
Net: /dac_3v_column_odd_0[3]/dac_3v_cell_0 |Net: dac_half:1/dac_column:9/net4          
  sky130_fd_pr__res_high_po_0p35/(1|2) = 2 |  sky130_fd_pr__res_high_po_0p35/(1|2) = 2 
  sky130_fd_pr__pfet_g5v0d10v5/(1|3) = 1   |  sky130_fd_pr__pfet_g5v0d10v5/(1|3) = 1   
  sky130_fd_pr__nfet_g5v0d10v5/(1|3) = 1   |  sky130_fd_pr__nfet_g5v0d10v5/(1|3) = 1   
---------------------------------------------------------------------------------------

---------------------------------------------------------------------------------------
Net: /dac_3v_column_0[0]/dac_3v_cell_0[7]/ |Net: dac_half:1/dac_column:8/net2          
  sky130_fd_pr__res_high_po_0p35/(1|2) = 2 |  sky130_fd_pr__nfet_g5v0d10v5/(1|3) = 1   
  sky130_fd_pr__pfet_g5v0d10v5/(1|3) = 1   |  sky130_fd_pr__pfet_g5v0d10v5/(1|3) = 1   
  sky130_fd_pr__nfet_g5v0d10v5/(1|3) = 1   |  sky130_fd_pr__res_high_po_0p35/(1|2) = 2 
                                           |                                           
Net: /dac_3v_column_0[4]/dac_3v_cell_0[7]/ |Net: dac_half:2/dac_column:8/net2          
  sky130_fd_pr__res_high_po_0p35/(1|2) = 2 |  sky130_fd_pr__nfet_g5v0d10v5/(1|3) = 1   
  sky130_fd_pr__pfet_g5v0d10v5/(1|3) = 1   |  sky130_fd_pr__pfet_g5v0d10v5/(1|3) = 1   
  sky130_fd_pr__nfet_g5v0d10v5/(1|3) = 1   |  sky130_fd_pr__res_high_po_0p35/(1|2) = 2 
---------------------------------------------------------------------------------------

---------------------------------------------------------------------------------------
Net: /dac_3v_column_odd_0[7]/out_3         |Net: dac_half:2/net54                      
  sky130_fd_pr__pfet_g5v0d10v5/(1|3) = 3   |  sky130_fd_pr__pfet_g5v0d10v5/(1|3) = 3   
  sky130_fd_pr__nfet_g5v0d10v5/(1|3) = 3   |  sky130_fd_pr__nfet_g5v0d10v5/(1|3) = 3   
---------------------------------------------------------------------------------------

---------------------------------------------------------------------------------------
Net: /dac_3v_column_odd_0[3]/out_3         |Net: dac_half:1/net54                      
  sky130_fd_pr__pfet_g5v0d10v5/(1|3) = 3   |  sky130_fd_pr__pfet_g5v0d10v5/(1|3) = 3   
  sky130_fd_pr__nfet_g5v0d10v5/(1|3) = 3   |  sky130_fd_pr__nfet_g5v0d10v5/(1|3) = 3   
---------------------------------------------------------------------------------------

---------------------------------------------------------------------------------------
Net: /dac_3v_column_odd_0[5]/out_3         |Net: dac_half:2/net57                      
  sky130_fd_pr__pfet_g5v0d10v5/(1|3) = 3   |  sky130_fd_pr__pfet_g5v0d10v5/(1|3) = 3   
  sky130_fd_pr__nfet_g5v0d10v5/(1|3) = 3   |  sky130_fd_pr__nfet_g5v0d10v5/(1|3) = 3   
---------------------------------------------------------------------------------------

---------------------------------------------------------------------------------------
Net: /dac_3v_column_odd_0[1]/out_3         |Net: dac_half:1/net57                      
  sky130_fd_pr__pfet_g5v0d10v5/(1|3) = 3   |  sky130_fd_pr__pfet_g5v0d10v5/(1|3) = 3   
  sky130_fd_pr__nfet_g5v0d10v5/(1|3) = 3   |  sky130_fd_pr__nfet_g5v0d10v5/(1|3) = 3   
---------------------------------------------------------------------------------------

---------------------------------------------------------------------------------------
Net: /dac_3v_column_odd_0[6]/out_3         |Net: dac_half:2/net55                      
  sky130_fd_pr__pfet_g5v0d10v5/(1|3) = 3   |  sky130_fd_pr__pfet_g5v0d10v5/(1|3) = 3   
  sky130_fd_pr__nfet_g5v0d10v5/(1|3) = 3   |  sky130_fd_pr__nfet_g5v0d10v5/(1|3) = 3   
---------------------------------------------------------------------------------------

---------------------------------------------------------------------------------------
Net: /dac_3v_column_odd_0[2]/out_3         |Net: dac_half:1/net55                      
  sky130_fd_pr__pfet_g5v0d10v5/(1|3) = 3   |  sky130_fd_pr__pfet_g5v0d10v5/(1|3) = 3   
  sky130_fd_pr__nfet_g5v0d10v5/(1|3) = 3   |  sky130_fd_pr__nfet_g5v0d10v5/(1|3) = 3   
---------------------------------------------------------------------------------------

---------------------------------------------------------------------------------------
Net: /dac_3v_column_odd_0[4]/out_3         |Net: dac_half:2/net59                      
  sky130_fd_pr__pfet_g5v0d10v5/(1|3) = 3   |  sky130_fd_pr__pfet_g5v0d10v5/(1|3) = 3   
  sky130_fd_pr__nfet_g5v0d10v5/(1|3) = 3   |  sky130_fd_pr__nfet_g5v0d10v5/(1|3) = 3   
---------------------------------------------------------------------------------------

---------------------------------------------------------------------------------------
Net: /dac_3v_column_odd_0[0]/out_3         |Net: dac_half:1/net59                      
  sky130_fd_pr__pfet_g5v0d10v5/(1|3) = 3   |  sky130_fd_pr__pfet_g5v0d10v5/(1|3) = 3   
  sky130_fd_pr__nfet_g5v0d10v5/(1|3) = 3   |  sky130_fd_pr__nfet_g5v0d10v5/(1|3) = 3   
---------------------------------------------------------------------------------------

---------------------------------------------------------------------------------------
Net: /dac_3v_column_0[3]/out_3             |Net: dac_half:1/net53                      
  sky130_fd_pr__pfet_g5v0d10v5/(1|3) = 3   |  sky130_fd_pr__nfet_g5v0d10v5/(1|3) = 3   
  sky130_fd_pr__nfet_g5v0d10v5/(1|3) = 3   |  sky130_fd_pr__pfet_g5v0d10v5/(1|3) = 3   
                                           |                                           
Net: /dac_3v_column_0[7]/out_3             |Net: dac_half:2/net53                      
  sky130_fd_pr__pfet_g5v0d10v5/(1|3) = 3   |  sky130_fd_pr__nfet_g5v0d10v5/(1|3) = 3   
  sky130_fd_pr__nfet_g5v0d10v5/(1|3) = 3   |  sky130_fd_pr__pfet_g5v0d10v5/(1|3) = 3   
---------------------------------------------------------------------------------------

---------------------------------------------------------------------------------------
Net: /dac_3v_column_0[1]/out_3             |Net: dac_half:1/net58                      
  sky130_fd_pr__pfet_g5v0d10v5/(1|3) = 3   |  sky130_fd_pr__nfet_g5v0d10v5/(1|3) = 3   
  sky130_fd_pr__nfet_g5v0d10v5/(1|3) = 3   |  sky130_fd_pr__pfet_g5v0d10v5/(1|3) = 3   
                                           |                                           
Net: /dac_3v_column_0[5]/out_3             |Net: dac_half:2/net58                      
  sky130_fd_pr__pfet_g5v0d10v5/(1|3) = 3   |  sky130_fd_pr__nfet_g5v0d10v5/(1|3) = 3   
  sky130_fd_pr__nfet_g5v0d10v5/(1|3) = 3   |  sky130_fd_pr__pfet_g5v0d10v5/(1|3) = 3   
---------------------------------------------------------------------------------------

---------------------------------------------------------------------------------------
Net: /dac_3v_column_0[2]/out_3             |Net: dac_half:1/net56                      
  sky130_fd_pr__pfet_g5v0d10v5/(1|3) = 3   |  sky130_fd_pr__nfet_g5v0d10v5/(1|3) = 3   
  sky130_fd_pr__nfet_g5v0d10v5/(1|3) = 3   |  sky130_fd_pr__pfet_g5v0d10v5/(1|3) = 3   
                                           |                                           
Net: /dac_3v_column_0[6]/out_3             |Net: dac_half:2/net56                      
  sky130_fd_pr__pfet_g5v0d10v5/(1|3) = 3   |  sky130_fd_pr__nfet_g5v0d10v5/(1|3) = 3   
  sky130_fd_pr__nfet_g5v0d10v5/(1|3) = 3   |  sky130_fd_pr__pfet_g5v0d10v5/(1|3) = 3   
---------------------------------------------------------------------------------------

---------------------------------------------------------------------------------------
Net: /dac_3v_column_0[4]/out_3             |Net: dac_half:2/net60                      
  sky130_fd_pr__pfet_g5v0d10v5/(1|3) = 3   |  sky130_fd_pr__pfet_g5v0d10v5/(1|3) = 3   
  sky130_fd_pr__nfet_g5v0d10v5/(1|3) = 3   |  sky130_fd_pr__nfet_g5v0d10v5/(1|3) = 3   
---------------------------------------------------------------------------------------

---------------------------------------------------------------------------------------
Net: /dac_3v_column_0[0]/out_3             |Net: dac_half:1/net60                      
  sky130_fd_pr__pfet_g5v0d10v5/(1|3) = 3   |  sky130_fd_pr__pfet_g5v0d10v5/(1|3) = 3   
  sky130_fd_pr__nfet_g5v0d10v5/(1|3) = 3   |  sky130_fd_pr__nfet_g5v0d10v5/(1|3) = 3   
---------------------------------------------------------------------------------------

---------------------------------------------------------------------------------------
Net: /dac_3v_column_odd_0[7]/out1_0_2      |Net: dac_half:2/dac_column:9/net9          
  sky130_fd_pr__pfet_g5v0d10v5/(1|3) = 3   |  sky130_fd_pr__pfet_g5v0d10v5/(1|3) = 3   
  sky130_fd_pr__nfet_g5v0d10v5/(1|3) = 3   |  sky130_fd_pr__nfet_g5v0d10v5/(1|3) = 3   
---------------------------------------------------------------------------------------

---------------------------------------------------------------------------------------
Net: /dac_3v_column_odd_0[3]/out1_0_2      |Net: dac_half:1/dac_column:9/net9          
  sky130_fd_pr__pfet_g5v0d10v5/(1|3) = 3   |  sky130_fd_pr__pfet_g5v0d10v5/(1|3) = 3   
  sky130_fd_pr__nfet_g5v0d10v5/(1|3) = 3   |  sky130_fd_pr__nfet_g5v0d10v5/(1|3) = 3   
---------------------------------------------------------------------------------------

---------------------------------------------------------------------------------------
(no matching net)                          |Net: dac_half:2/dac_column:8/net9          
                                           |  sky130_fd_pr__nfet_g5v0d10v5/(1|3) = 3   
                                           |  sky130_fd_pr__pfet_g5v0d10v5/(1|3) = 3   
                                           |                                           
(no matching net)                          |Net: dac_half:1/dac_column:8/net9          
                                           |  sky130_fd_pr__nfet_g5v0d10v5/(1|3) = 3   
                                           |  sky130_fd_pr__pfet_g5v0d10v5/(1|3) = 3   
---------------------------------------------------------------------------------------

---------------------------------------------------------------------------------------
Net: /dac_3v_column_0[0]/out0_0_2          |(no matching net)                          
  sky130_fd_pr__pfet_g5v0d10v5/(1|3) = 3   |                                           
  sky130_fd_pr__nfet_g5v0d10v5/(1|3) = 3   |                                           
                                           |                                           
Net: /dac_3v_column_0[4]/out0_0_2          |(no matching net)                          
  sky130_fd_pr__pfet_g5v0d10v5/(1|3) = 3   |                                           
  sky130_fd_pr__nfet_g5v0d10v5/(1|3) = 3   |                                           
---------------------------------------------------------------------------------------

---------------------------------------------------------------------------------------
Net: /dac_3v_column_0[4]/out1_0_0          |Net: dac_half:2/dac_column:7/net11         
  sky130_fd_pr__pfet_g5v0d10v5/(1|3) = 3   |  sky130_fd_pr__nfet_g5v0d10v5/(1|3) = 3   
  sky130_fd_pr__nfet_g5v0d10v5/(1|3) = 3   |  sky130_fd_pr__pfet_g5v0d10v5/(1|3) = 3   
                                           |                                           
Net: /dac_3v_column_0[0]/out1_0_0          |Net: dac_half:1/dac_column:7/net11         
  sky130_fd_pr__pfet_g5v0d10v5/(1|3) = 3   |  sky130_fd_pr__nfet_g5v0d10v5/(1|3) = 3   
  sky130_fd_pr__nfet_g5v0d10v5/(1|3) = 3   |  sky130_fd_pr__pfet_g5v0d10v5/(1|3) = 3   
---------------------------------------------------------------------------------------

---------------------------------------------------------------------------------------
Net: /dac_3v_column_0[0]/out0_1_1          |Net: dac_half:1/dac_column:8/net13         
  sky130_fd_pr__pfet_g5v0d10v5/(1|3) = 3   |  sky130_fd_pr__pfet_g5v0d10v5/(1|3) = 3   
  sky130_fd_pr__nfet_g5v0d10v5/(1|3) = 3   |  sky130_fd_pr__nfet_g5v0d10v5/(1|3) = 3   
---------------------------------------------------------------------------------------

---------------------------------------------------------------------------------------
Net: /dac_3v_column_0[4]/out0_1_1          |Net: dac_half:2/dac_column:8/net13         
  sky130_fd_pr__pfet_g5v0d10v5/(1|3) = 3   |  sky130_fd_pr__pfet_g5v0d10v5/(1|3) = 3   
  sky130_fd_pr__nfet_g5v0d10v5/(1|3) = 3   |  sky130_fd_pr__nfet_g5v0d10v5/(1|3) = 3   
---------------------------------------------------------------------------------------

---------------------------------------------------------------------------------------
Net: /dac_3v_column_0[4]/out1_2            |Net: dac_half:2/net38                      
  sky130_fd_pr__pfet_g5v0d10v5/(1|3) = 3   |  sky130_fd_pr__nfet_g5v0d10v5/(1|3) = 3   
  sky130_fd_pr__nfet_g5v0d10v5/(1|3) = 3   |  sky130_fd_pr__pfet_g5v0d10v5/(1|3) = 3   
                                           |                                           
Net: /dac_3v_column_0[0]/out1_2            |Net: dac_half:1/net38                      
  sky130_fd_pr__pfet_g5v0d10v5/(1|3) = 3   |  sky130_fd_pr__nfet_g5v0d10v5/(1|3) = 3   
  sky130_fd_pr__nfet_g5v0d10v5/(1|3) = 3   |  sky130_fd_pr__pfet_g5v0d10v5/(1|3) = 3   
---------------------------------------------------------------------------------------

---------------------------------------------------------------------------------------
Net: /dac_3v_column_odd_0[7]/out1_2        |Net: dac_half:2/net52                      
  sky130_fd_pr__pfet_g5v0d10v5/(1|3) = 3   |  sky130_fd_pr__pfet_g5v0d10v5/(1|3) = 3   
  sky130_fd_pr__nfet_g5v0d10v5/(1|3) = 3   |  sky130_fd_pr__nfet_g5v0d10v5/(1|3) = 3   
---------------------------------------------------------------------------------------

---------------------------------------------------------------------------------------
Net: /dac_3v_column_odd_0[3]/out1_2        |Net: dac_half:1/net52                      
  sky130_fd_pr__pfet_g5v0d10v5/(1|3) = 3   |  sky130_fd_pr__pfet_g5v0d10v5/(1|3) = 3   
  sky130_fd_pr__nfet_g5v0d10v5/(1|3) = 3   |  sky130_fd_pr__nfet_g5v0d10v5/(1|3) = 3   
---------------------------------------------------------------------------------------

---------------------------------------------------------------------------------------
Net: /dac_3v_column_odd_0[5]/out1_2        |Net: dac_half:2/net44                      
  sky130_fd_pr__pfet_g5v0d10v5/(1|3) = 3   |  sky130_fd_pr__nfet_g5v0d10v5/(1|3) = 3   
  sky130_fd_pr__nfet_g5v0d10v5/(1|3) = 3   |  sky130_fd_pr__pfet_g5v0d10v5/(1|3) = 3   
                                           |                                           
Net: /dac_3v_column_odd_0[1]/out1_2        |Net: dac_half:1/net44                      
  sky130_fd_pr__pfet_g5v0d10v5/(1|3) = 3   |  sky130_fd_pr__nfet_g5v0d10v5/(1|3) = 3   
  sky130_fd_pr__nfet_g5v0d10v5/(1|3) = 3   |  sky130_fd_pr__pfet_g5v0d10v5/(1|3) = 3   
---------------------------------------------------------------------------------------

---------------------------------------------------------------------------------------
Net: /dac_3v_column_odd_0[6]/out1_2        |Net: dac_half:2/net48                      
  sky130_fd_pr__pfet_g5v0d10v5/(1|3) = 3   |  sky130_fd_pr__nfet_g5v0d10v5/(1|3) = 3   
  sky130_fd_pr__nfet_g5v0d10v5/(1|3) = 3   |  sky130_fd_pr__pfet_g5v0d10v5/(1|3) = 3   
                                           |                                           
Net: /dac_3v_column_odd_0[2]/out1_2        |Net: dac_half:1/net48                      
  sky130_fd_pr__pfet_g5v0d10v5/(1|3) = 3   |  sky130_fd_pr__nfet_g5v0d10v5/(1|3) = 3   
  sky130_fd_pr__nfet_g5v0d10v5/(1|3) = 3   |  sky130_fd_pr__pfet_g5v0d10v5/(1|3) = 3   
---------------------------------------------------------------------------------------

---------------------------------------------------------------------------------------
Net: /dac_3v_column_odd_0[4]/out1_2        |Net: dac_half:2/net40                      
  sky130_fd_pr__pfet_g5v0d10v5/(1|3) = 3   |  sky130_fd_pr__nfet_g5v0d10v5/(1|3) = 3   
  sky130_fd_pr__nfet_g5v0d10v5/(1|3) = 3   |  sky130_fd_pr__pfet_g5v0d10v5/(1|3) = 3   
                                           |                                           
Net: /dac_3v_column_odd_0[0]/out1_2        |Net: dac_half:1/net40                      
  sky130_fd_pr__pfet_g5v0d10v5/(1|3) = 3   |  sky130_fd_pr__nfet_g5v0d10v5/(1|3) = 3   
  sky130_fd_pr__nfet_g5v0d10v5/(1|3) = 3   |  sky130_fd_pr__pfet_g5v0d10v5/(1|3) = 3   
---------------------------------------------------------------------------------------

---------------------------------------------------------------------------------------
Net: /dac_3v_column_0[4]/out0_2            |Net: dac_half:2/net37                      
  sky130_fd_pr__pfet_g5v0d10v5/(1|3) = 3   |  sky130_fd_pr__pfet_g5v0d10v5/(1|3) = 3   
  sky130_fd_pr__nfet_g5v0d10v5/(1|3) = 3   |  sky130_fd_pr__nfet_g5v0d10v5/(1|3) = 3   
---------------------------------------------------------------------------------------

---------------------------------------------------------------------------------------
Net: /dac_3v_column_0[0]/out0_2            |Net: dac_half:1/net37                      
  sky130_fd_pr__pfet_g5v0d10v5/(1|3) = 3   |  sky130_fd_pr__pfet_g5v0d10v5/(1|3) = 3   
  sky130_fd_pr__nfet_g5v0d10v5/(1|3) = 3   |  sky130_fd_pr__nfet_g5v0d10v5/(1|3) = 3   
---------------------------------------------------------------------------------------

---------------------------------------------------------------------------------------
Net: /dac_3v_column_odd_0[7]/out0_2        |Net: dac_half:2/net51                      
  sky130_fd_pr__pfet_g5v0d10v5/(1|3) = 3   |  sky130_fd_pr__nfet_g5v0d10v5/(1|3) = 3   
  sky130_fd_pr__nfet_g5v0d10v5/(1|3) = 3   |  sky130_fd_pr__pfet_g5v0d10v5/(1|3) = 3   
                                           |                                           
Net: /dac_3v_column_odd_0[3]/out0_2        |Net: dac_half:1/net51                      
  sky130_fd_pr__pfet_g5v0d10v5/(1|3) = 3   |  sky130_fd_pr__nfet_g5v0d10v5/(1|3) = 3   
  sky130_fd_pr__nfet_g5v0d10v5/(1|3) = 3   |  sky130_fd_pr__pfet_g5v0d10v5/(1|3) = 3   
---------------------------------------------------------------------------------------

---------------------------------------------------------------------------------------
Net: /dac_3v_column_odd_0[5]/out0_2        |Net: dac_half:2/net43                      
  sky130_fd_pr__pfet_g5v0d10v5/(1|3) = 3   |  sky130_fd_pr__nfet_g5v0d10v5/(1|3) = 3   
  sky130_fd_pr__nfet_g5v0d10v5/(1|3) = 3   |  sky130_fd_pr__pfet_g5v0d10v5/(1|3) = 3   
                                           |                                           
Net: /dac_3v_column_odd_0[1]/out0_2        |Net: dac_half:1/net43                      
  sky130_fd_pr__pfet_g5v0d10v5/(1|3) = 3   |  sky130_fd_pr__nfet_g5v0d10v5/(1|3) = 3   
  sky130_fd_pr__nfet_g5v0d10v5/(1|3) = 3   |  sky130_fd_pr__pfet_g5v0d10v5/(1|3) = 3   
---------------------------------------------------------------------------------------

---------------------------------------------------------------------------------------
Net: /dac_3v_column_odd_0[6]/out0_2        |Net: dac_half:2/net47                      
  sky130_fd_pr__pfet_g5v0d10v5/(1|3) = 3   |  sky130_fd_pr__nfet_g5v0d10v5/(1|3) = 3   
  sky130_fd_pr__nfet_g5v0d10v5/(1|3) = 3   |  sky130_fd_pr__pfet_g5v0d10v5/(1|3) = 3   
                                           |                                           
Net: /dac_3v_column_odd_0[2]/out0_2        |Net: dac_half:1/net47                      
  sky130_fd_pr__pfet_g5v0d10v5/(1|3) = 3   |  sky130_fd_pr__nfet_g5v0d10v5/(1|3) = 3   
  sky130_fd_pr__nfet_g5v0d10v5/(1|3) = 3   |  sky130_fd_pr__pfet_g5v0d10v5/(1|3) = 3   
---------------------------------------------------------------------------------------

---------------------------------------------------------------------------------------
Net: /dac_3v_column_odd_0[4]/out0_2        |Net: dac_half:2/net39                      
  sky130_fd_pr__pfet_g5v0d10v5/(1|3) = 3   |  sky130_fd_pr__nfet_g5v0d10v5/(1|3) = 3   
  sky130_fd_pr__nfet_g5v0d10v5/(1|3) = 3   |  sky130_fd_pr__pfet_g5v0d10v5/(1|3) = 3   
                                           |                                           
Net: /dac_3v_column_odd_0[0]/out0_2        |Net: dac_half:1/net39                      
  sky130_fd_pr__pfet_g5v0d10v5/(1|3) = 3   |  sky130_fd_pr__nfet_g5v0d10v5/(1|3) = 3   
  sky130_fd_pr__nfet_g5v0d10v5/(1|3) = 3   |  sky130_fd_pr__pfet_g5v0d10v5/(1|3) = 3   
---------------------------------------------------------------------------------------

---------------------------------------------------------------------------------------
Net: dac_3v_column_0[3]/out_4              |Net: dac_half:1/net31                      
  sky130_fd_pr__pfet_g5v0d10v5/(1|3) = 3   |  sky130_fd_pr__pfet_g5v0d10v5/(1|3) = 3   
  sky130_fd_pr__nfet_g5v0d10v5/(1|3) = 3   |  sky130_fd_pr__nfet_g5v0d10v5/(1|3) = 3   
---------------------------------------------------------------------------------------

---------------------------------------------------------------------------------------
Net: dac_3v_column_0[7]/out_4              |Net: dac_half:2/net31                      
  sky130_fd_pr__pfet_g5v0d10v5/(1|3) = 3   |  sky130_fd_pr__pfet_g5v0d10v5/(1|3) = 3   
  sky130_fd_pr__nfet_g5v0d10v5/(1|3) = 3   |  sky130_fd_pr__nfet_g5v0d10v5/(1|3) = 3   
---------------------------------------------------------------------------------------

---------------------------------------------------------------------------------------
Net: dac_3v_column_0[1]/out_4              |Net: dac_half:1/net33                      
  sky130_fd_pr__pfet_g5v0d10v5/(1|3) = 3   |  sky130_fd_pr__pfet_g5v0d10v5/(1|3) = 3   
  sky130_fd_pr__nfet_g5v0d10v5/(1|3) = 3   |  sky130_fd_pr__nfet_g5v0d10v5/(1|3) = 3   
---------------------------------------------------------------------------------------

---------------------------------------------------------------------------------------
Net: dac_3v_column_0[5]/out_4              |Net: dac_half:2/net33                      
  sky130_fd_pr__pfet_g5v0d10v5/(1|3) = 3   |  sky130_fd_pr__pfet_g5v0d10v5/(1|3) = 3   
  sky130_fd_pr__nfet_g5v0d10v5/(1|3) = 3   |  sky130_fd_pr__nfet_g5v0d10v5/(1|3) = 3   
---------------------------------------------------------------------------------------

---------------------------------------------------------------------------------------
Net: dac_3v_column_0[2]/out_4              |Net: dac_half:1/net32                      
  sky130_fd_pr__pfet_g5v0d10v5/(1|3) = 3   |  sky130_fd_pr__pfet_g5v0d10v5/(1|3) = 3   
  sky130_fd_pr__nfet_g5v0d10v5/(1|3) = 3   |  sky130_fd_pr__nfet_g5v0d10v5/(1|3) = 3   
---------------------------------------------------------------------------------------

---------------------------------------------------------------------------------------
Net: dac_3v_column_0[6]/out_4              |Net: dac_half:2/net32                      
  sky130_fd_pr__pfet_g5v0d10v5/(1|3) = 3   |  sky130_fd_pr__pfet_g5v0d10v5/(1|3) = 3   
  sky130_fd_pr__nfet_g5v0d10v5/(1|3) = 3   |  sky130_fd_pr__nfet_g5v0d10v5/(1|3) = 3   
---------------------------------------------------------------------------------------

---------------------------------------------------------------------------------------
Net: /follower_amp_0//sky130_fd_pr__diode_ |Net: follower_amp:6/dummy_21               
  sky130_fd_pr__diode_pw2nd_05v5/proxy2 =  |  sky130_fd_pr__diode_pw2nd_05v5/proxycath 
                                           |                                           
Net: /follower_amp_0//sky130_fd_pr__diode_ |Net: follower_amp:6/dummy_20               
  sky130_fd_pr__diode_pw2nd_05v5/proxy1 =  |  sky130_fd_pr__diode_pw2nd_05v5/proxyanod 
                                           |                                           
Net: /follower_amp_0//sky130_fd_pr__diode_ |Net: follower_amp:6/dummy_19               
  sky130_fd_pr__diode_pw2nd_05v5/proxy2 =  |  sky130_fd_pr__diode_pw2nd_05v5/proxycath 
                                           |                                           
Net: /follower_amp_0//sky130_fd_pr__diode_ |Net: follower_amp:6/dummy_18               
  sky130_fd_pr__diode_pw2nd_05v5/proxy1 =  |  sky130_fd_pr__diode_pw2nd_05v5/proxyanod 
---------------------------------------------------------------------------------------

---------------------------------------------------------------------------------------
Net: ena                                   |Net: ena                                   
  sky130_fd_pr__nfet_g5v0d10v5/2 = 1       |  sky130_fd_pr__nfet_g5v0d10v5/2 = 1       
  sky130_fd_pr__diode_pw2nd_05v5/cathode = |  sky130_fd_pr__diode_pw2nd_05v5/2 = 1     
---------------------------------------------------------------------------------------

---------------------------------------------------------------------------------------
Net: out_unbuf                             |Net: out_unbuf                             
  sky130_fd_pr__pfet_g5v0d10v5/(1|3) = 2   |  sky130_fd_pr__pfet_g5v0d10v5/(1|3) = 2   
  sky130_fd_pr__nfet_g5v0d10v5/(1|3) = 2   |  sky130_fd_pr__nfet_g5v0d10v5/(1|3) = 2   
  sky130_fd_pr__pfet_g5v0d10v5/2 = 1       |  sky130_fd_pr__pfet_g5v0d10v5/2 = 1       
  sky130_fd_pr__nfet_g5v0d10v5/2 = 1       |  sky130_fd_pr__nfet_g5v0d10v5/2 = 1       
  sky130_fd_pr__nfet_03v3_nvt/2 = 1        |  sky130_fd_pr__nfet_03v3_nvt/2 = 1        
  sky130_fd_pr__diode_pw2nd_05v5/cathode = |  sky130_fd_pr__diode_pw2nd_05v5/2 = 1     
---------------------------------------------------------------------------------------

---------------------------------------------------------------------------------------
Net: vss                                   |Net: vss                                   
  sky130_fd_pr__res_high_po_0p35/3 = 325   |  sky130_fd_pr__res_high_po_0p35/3 = 325   
  sky130_fd_pr__nfet_g5v0d10v5/4 = 730     |  sky130_fd_pr__nfet_g5v0d10v5/4 = 730     
  sky130_fd_pr__nfet_g5v0d10v5/2 = 210     |  sky130_fd_pr__nfet_g5v0d10v5/2 = 210     
  sky130_fd_pr__nfet_g5v0d10v5/(1|3) = 7   |  sky130_fd_pr__nfet_g5v0d10v5/(1|3) = 7   
  sky130_fd_pr__res_xhigh_po_0p35/3 = 1    |  sky130_fd_pr__res_xhigh_po_0p35/3 = 1    
  sky130_fd_pr__nfet_03v3_nvt/4 = 2        |  sky130_fd_pr__nfet_03v3_nvt/4 = 2        
  sky130_fd_pr__diode_pw2nd_05v5/anode = 2 |  sky130_fd_pr__diode_pw2nd_05v5/1 = 2     
---------------------------------------------------------------------------------------

---------------------------------------------------------------------------------------
Net: b0a                                   |Net: b0a                                   
  sky130_fd_pr__pfet_g5v0d10v5/2 = 128     |  sky130_fd_pr__pfet_g5v0d10v5/2 = 128     
  sky130_fd_pr__nfet_g5v0d10v5/2 = 128     |  sky130_fd_pr__nfet_g5v0d10v5/2 = 128     
  level_shifter/bit_out = 1                |  level_shifter/bit_out = 1                
---------------------------------------------------------------------------------------

---------------------------------------------------------------------------------------
Net: b0b                                   |Net: b0b                                   
  sky130_fd_pr__pfet_g5v0d10v5/2 = 128     |  sky130_fd_pr__pfet_g5v0d10v5/2 = 128     
  sky130_fd_pr__nfet_g5v0d10v5/2 = 128     |  sky130_fd_pr__nfet_g5v0d10v5/2 = 128     
  level_shifter/bitb_out = 1               |  level_shifter/bitb_out = 1               
---------------------------------------------------------------------------------------

---------------------------------------------------------------------------------------
Net: b1b                                   |Net: b1a                                   
  sky130_fd_pr__pfet_g5v0d10v5/2 = 64      |  sky130_fd_pr__pfet_g5v0d10v5/2 = 64      
  sky130_fd_pr__nfet_g5v0d10v5/2 = 64      |  sky130_fd_pr__nfet_g5v0d10v5/2 = 64      
  level_shifter/bit_out = 1                |  level_shifter/bit_out = 1                
---------------------------------------------------------------------------------------

---------------------------------------------------------------------------------------
Net: b1a                                   |Net: b1b                                   
  sky130_fd_pr__nfet_g5v0d10v5/2 = 64      |  sky130_fd_pr__nfet_g5v0d10v5/2 = 64      
  sky130_fd_pr__pfet_g5v0d10v5/2 = 64      |  sky130_fd_pr__pfet_g5v0d10v5/2 = 64      
  level_shifter/bitb_out = 1               |  level_shifter/bitb_out = 1               
---------------------------------------------------------------------------------------

---------------------------------------------------------------------------------------
Net: b2b                                   |Net: b2a                                   
  sky130_fd_pr__nfet_g5v0d10v5/2 = 32      |  sky130_fd_pr__nfet_g5v0d10v5/2 = 32      
  sky130_fd_pr__pfet_g5v0d10v5/2 = 32      |  sky130_fd_pr__pfet_g5v0d10v5/2 = 32      
  level_shifter/bit_out = 1                |  level_shifter/bit_out = 1                
---------------------------------------------------------------------------------------

---------------------------------------------------------------------------------------
Net: b2a                                   |Net: b2b                                   
  sky130_fd_pr__pfet_g5v0d10v5/2 = 32      |  sky130_fd_pr__pfet_g5v0d10v5/2 = 32      
  sky130_fd_pr__nfet_g5v0d10v5/2 = 32      |  sky130_fd_pr__nfet_g5v0d10v5/2 = 32      
  level_shifter/bitb_out = 1               |  level_shifter/bitb_out = 1               
---------------------------------------------------------------------------------------

---------------------------------------------------------------------------------------
Net: /dac_3v_column_0[0]/res1_in           |Net: dac_half:1/net1                       
  sky130_fd_pr__res_high_po_0p35/(1|2) = 3 |  sky130_fd_pr__res_high_po_0p35/(1|2) = 3 
  sky130_fd_pr__pfet_g5v0d10v5/(1|3) = 2   |  sky130_fd_pr__pfet_g5v0d10v5/(1|3) = 2   
  sky130_fd_pr__nfet_g5v0d10v5/(1|3) = 2   |  sky130_fd_pr__nfet_g5v0d10v5/(1|3) = 2   
---------------------------------------------------------------------------------------

---------------------------------------------------------------------------------------
Net: /dac_3v_column_0[4]/res1_in           |Net: dac_half:2/net1                       
  sky130_fd_pr__res_high_po_0p35/(1|2) = 3 |  sky130_fd_pr__res_high_po_0p35/(1|2) = 3 
  sky130_fd_pr__pfet_g5v0d10v5/(1|3) = 2   |  sky130_fd_pr__pfet_g5v0d10v5/(1|3) = 2   
  sky130_fd_pr__nfet_g5v0d10v5/(1|3) = 2   |  sky130_fd_pr__nfet_g5v0d10v5/(1|3) = 2   
---------------------------------------------------------------------------------------

---------------------------------------------------------------------------------------
Net: b4a                                   |Net: b4b                                   
  sky130_fd_pr__nfet_g5v0d10v5/2 = 8       |  sky130_fd_pr__nfet_g5v0d10v5/2 = 8       
  sky130_fd_pr__pfet_g5v0d10v5/2 = 8       |  sky130_fd_pr__pfet_g5v0d10v5/2 = 8       
  level_shifter/bitb_out = 1               |  level_shifter/bitb_out = 1               
---------------------------------------------------------------------------------------

---------------------------------------------------------------------------------------
Net: b3b                                   |Net: b3a                                   
  sky130_fd_pr__nfet_g5v0d10v5/2 = 16      |  sky130_fd_pr__nfet_g5v0d10v5/2 = 16      
  sky130_fd_pr__pfet_g5v0d10v5/2 = 16      |  sky130_fd_pr__pfet_g5v0d10v5/2 = 16      
  level_shifter/bit_out = 1                |  level_shifter/bit_out = 1                
---------------------------------------------------------------------------------------

---------------------------------------------------------------------------------------
Net: b3a                                   |Net: b3b                                   
  sky130_fd_pr__pfet_g5v0d10v5/2 = 16      |  sky130_fd_pr__pfet_g5v0d10v5/2 = 16      
  sky130_fd_pr__nfet_g5v0d10v5/2 = 16      |  sky130_fd_pr__nfet_g5v0d10v5/2 = 16      
  level_shifter/bitb_out = 1               |  level_shifter/bitb_out = 1               
---------------------------------------------------------------------------------------
DEVICE mismatches: Class fragments follow (with node fanout counts):
Circuit 1: dac_3v_8bit                     |Circuit 2: dac_3v_8bit                     

---------------------------------------------------------------------------------------
Instance: follower_amp_0//sky130_fd_pr__di |Instance: follower_amp:6/sky130_fd_pr__dio 
  anode = 1277                             |  proxyanode = 1                           
  cathode = 8                              |  proxycathode = 1                         
  proxy1 = 1                               |  1 = 1277                                 
  proxy2 = 1                               |  2 = 2                                    
                                           |                                           
Instance: follower_amp_0//sky130_fd_pr__di |Instance: follower_amp:6/sky130_fd_pr__dio 
  anode = 1277                             |  proxyanode = 1                           
  cathode = 2                              |  proxycathode = 1                         
  proxy1 = 1                               |  1 = 1277                                 
  proxy2 = 1                               |  2 = 8                                    
---------------------------------------------------------------------------------------

---------------------------------------------------------------------------------------
Instance: dac_3v_column_0[4]//dac_3v_cell_ |Instance: dac_half:2/dac_column:8/passtran 
  (1,3) = (6,6)                            |  (1,3) = (6,6)                            
  2 = 129                                  |  2 = 129                                  
  4 = 1277                                 |  4 = 1277                                 
                                           |                                           
Instance: dac_3v_column_0[0]//dac_3v_cell_ |Instance: dac_half:1/dac_column:8/passtran 
  (1,3) = (6,6)                            |  (1,3) = (6,6)                            
  2 = 129                                  |  2 = 129                                  
  4 = 1277                                 |  4 = 1277                                 
---------------------------------------------------------------------------------------

---------------------------------------------------------------------------------------
Instance: dac_3v_column_odd_0[3]//dac_3v_c |Instance: dac_half:1/dac_column:9/passtran 
  (1,3) = (6,4)                            |  (1,3) = (6,4)                            
  2 = 257                                  |  2 = 257                                  
  4 = 4                                    |  4 = 957                                  
                                           |                                           
Instance: dac_3v_column_odd_0[7]//dac_3v_c |Instance: dac_half:2/dac_column:9/passtran 
  (1,3) = (6,4)                            |  (1,3) = (6,4)                            
  2 = 257                                  |  2 = 257                                  
  4 = 4                                    |  4 = 957                                  
---------------------------------------------------------------------------------------

---------------------------------------------------------------------------------------
Instance: dac_3v_column_0[4]//dac_3v_cell_ |Instance: dac_half:2/dac_column:8/passtran 
  (1,3) = (6,6)                            |  (1,3) = (6,6)                            
  2 = 129                                  |  2 = 129                                  
  4 = 4                                    |  4 = 957                                  
                                           |                                           
Instance: dac_3v_column_0[0]//dac_3v_cell_ |Instance: dac_half:1/dac_column:8/passtran 
  (1,3) = (6,6)                            |  (1,3) = (6,6)                            
  2 = 129                                  |  2 = 129                                  
  4 = 4                                    |  4 = 957                                  
---------------------------------------------------------------------------------------

---------------------------------------------------------------------------------------
Instance: dac_3v_column_0[7]//dac_3v_cell_ |Instance: dac_half:2/passtrans:18/sky130_f 
  (1,3) = (6,6)                            |  (1,3) = (6,6)                            
  2 = 17                                   |  2 = 17                                   
  4 = 6                                    |  4 = 957                                  
                                           |                                           
Instance: dac_3v_column_0[3]//dac_3v_cell_ |Instance: dac_half:1/passtrans:18/sky130_f 
  (1,3) = (6,6)                            |  (1,3) = (6,6)                            
  2 = 17                                   |  2 = 17                                   
  4 = 6                                    |  4 = 957                                  
---------------------------------------------------------------------------------------

---------------------------------------------------------------------------------------
Instance: dac_3v_column_0[5]//dac_3v_cell_ |Instance: dac_half:2/passtrans:22/sky130_f 
  (1,3) = (6,6)                            |  (1,3) = (6,6)                            
  2 = 17                                   |  2 = 17                                   
  4 = 6                                    |  4 = 957                                  
                                           |                                           
Instance: dac_3v_column_0[1]//dac_3v_cell_ |Instance: dac_half:1/passtrans:22/sky130_f 
  (1,3) = (6,6)                            |  (1,3) = (6,6)                            
  2 = 17                                   |  2 = 17                                   
  4 = 6                                    |  4 = 957                                  
---------------------------------------------------------------------------------------

---------------------------------------------------------------------------------------
Instance: dac_3v_column_0[6]//dac_3v_cell_ |Instance: dac_half:2/passtrans:20/sky130_f 
  (1,3) = (6,6)                            |  (1,3) = (6,6)                            
  2 = 17                                   |  2 = 17                                   
  4 = 6                                    |  4 = 957                                  
                                           |                                           
Instance: dac_3v_column_0[2]//dac_3v_cell_ |Instance: dac_half:1/passtrans:20/sky130_f 
  (1,3) = (6,6)                            |  (1,3) = (6,6)                            
  2 = 17                                   |  2 = 17                                   
  4 = 6                                    |  4 = 957                                  
---------------------------------------------------------------------------------------

---------------------------------------------------------------------------------------
Instance: dac_3v_column_0[0]//dac_3v_cell_ |Instance: dac_half:1/passtrans:31/sky130_f 
  (1,3) = (6,6)                            |  (1,3) = (6,6)                            
  2 = 33                                   |  2 = 33                                   
  4 = 4                                    |  4 = 957                                  
                                           |                                           
Instance: dac_3v_column_0[4]//dac_3v_cell_ |Instance: dac_half:2/passtrans:31/sky130_f 
  (1,3) = (6,6)                            |  (1,3) = (6,6)                            
  2 = 33                                   |  2 = 33                                   
  4 = 4                                    |  4 = 957                                  
---------------------------------------------------------------------------------------

---------------------------------------------------------------------------------------
Instance: dac_3v_column_odd_0[1]//dac_3v_c |Instance: dac_half:1/passtrans:38/sky130_f 
  (1,3) = (6,6)                            |  (1,3) = (6,6)                            
  2 = 33                                   |  2 = 33                                   
  4 = 4                                    |  4 = 957                                  
                                           |                                           
Instance: dac_3v_column_odd_0[5]//dac_3v_c |Instance: dac_half:2/passtrans:38/sky130_f 
  (1,3) = (6,6)                            |  (1,3) = (6,6)                            
  2 = 33                                   |  2 = 33                                   
  4 = 4                                    |  4 = 957                                  
---------------------------------------------------------------------------------------

---------------------------------------------------------------------------------------
Instance: dac_3v_column_odd_0[3]//dac_3v_c |Instance: dac_half:1/passtrans:46/sky130_f 
  (1,3) = (6,6)                            |  (1,3) = (6,6)                            
  2 = 33                                   |  2 = 33                                   
  4 = 4                                    |  4 = 957                                  
                                           |                                           
Instance: dac_3v_column_odd_0[7]//dac_3v_c |Instance: dac_half:2/passtrans:46/sky130_f 
  (1,3) = (6,6)                            |  (1,3) = (6,6)                            
  2 = 33                                   |  2 = 33                                   
  4 = 4                                    |  4 = 957                                  
---------------------------------------------------------------------------------------

---------------------------------------------------------------------------------------
Instance: dac_3v_column_odd_0[0]//dac_3v_c |Instance: dac_half:1/passtrans:34/sky130_f 
  (1,3) = (6,6)                            |  (1,3) = (6,6)                            
  2 = 33                                   |  2 = 33                                   
  4 = 4                                    |  4 = 957                                  
                                           |                                           
Instance: dac_3v_column_odd_0[4]//dac_3v_c |Instance: dac_half:2/passtrans:34/sky130_f 
  (1,3) = (6,6)                            |  (1,3) = (6,6)                            
  2 = 33                                   |  2 = 33                                   
  4 = 4                                    |  4 = 957                                  
---------------------------------------------------------------------------------------

---------------------------------------------------------------------------------------
Instance: dac_3v_column_odd_0[2]//dac_3v_c |Instance: dac_half:1/passtrans:42/sky130_f 
  (1,3) = (6,6)                            |  (1,3) = (6,6)                            
  2 = 33                                   |  2 = 33                                   
  4 = 4                                    |  4 = 957                                  
                                           |                                           
Instance: dac_3v_column_odd_0[6]//dac_3v_c |Instance: dac_half:2/passtrans:42/sky130_f 
  (1,3) = (6,6)                            |  (1,3) = (6,6)                            
  2 = 33                                   |  2 = 33                                   
  4 = 4                                    |  4 = 957                                  
---------------------------------------------------------------------------------------

---------------------------------------------------------------------------------------
Instance: dac_3v_column_0[0]//dac_3v_cell_ |Instance: dac_half:1/passtrans:33/sky130_f 
  (1,3) = (6,6)                            |  (1,3) = (6,6)                            
  2 = 33                                   |  2 = 33                                   
  4 = 4                                    |  4 = 957                                  
                                           |                                           
Instance: dac_3v_column_0[4]//dac_3v_cell_ |Instance: dac_half:2/passtrans:33/sky130_f 
  (1,3) = (6,6)                            |  (1,3) = (6,6)                            
  2 = 33                                   |  2 = 33                                   
  4 = 4                                    |  4 = 957                                  
---------------------------------------------------------------------------------------

---------------------------------------------------------------------------------------
Instance: dac_3v_column_odd_0[1]//dac_3v_c |Instance: dac_half:1/passtrans:37/sky130_f 
  (1,3) = (6,6)                            |  (1,3) = (6,6)                            
  2 = 33                                   |  2 = 33                                   
  4 = 4                                    |  4 = 957                                  
                                           |                                           
Instance: dac_3v_column_odd_0[5]//dac_3v_c |Instance: dac_half:2/passtrans:37/sky130_f 
  (1,3) = (6,6)                            |  (1,3) = (6,6)                            
  2 = 33                                   |  2 = 33                                   
  4 = 4                                    |  4 = 957                                  
---------------------------------------------------------------------------------------

---------------------------------------------------------------------------------------
Instance: dac_3v_column_odd_0[3]//dac_3v_c |Instance: dac_half:1/passtrans:45/sky130_f 
  (1,3) = (6,6)                            |  (1,3) = (6,6)                            
  2 = 33                                   |  2 = 33                                   
  4 = 4                                    |  4 = 957                                  
                                           |                                           
Instance: dac_3v_column_odd_0[7]//dac_3v_c |Instance: dac_half:2/passtrans:45/sky130_f 
  (1,3) = (6,6)                            |  (1,3) = (6,6)                            
  2 = 33                                   |  2 = 33                                   
  4 = 4                                    |  4 = 957                                  
---------------------------------------------------------------------------------------

---------------------------------------------------------------------------------------
Instance: dac_3v_column_odd_0[0]//dac_3v_c |Instance: dac_half:1/passtrans:32/sky130_f 
  (1,3) = (6,6)                            |  (1,3) = (6,6)                            
  2 = 33                                   |  2 = 33                                   
  4 = 4                                    |  4 = 957                                  
                                           |                                           
Instance: dac_3v_column_odd_0[4]//dac_3v_c |Instance: dac_half:2/passtrans:32/sky130_f 
  (1,3) = (6,6)                            |  (1,3) = (6,6)                            
  2 = 33                                   |  2 = 33                                   
  4 = 4                                    |  4 = 957                                  
---------------------------------------------------------------------------------------

---------------------------------------------------------------------------------------
Instance: dac_3v_column_odd_0[2]//dac_3v_c |Instance: dac_half:1/passtrans:41/sky130_f 
  (1,3) = (6,6)                            |  (1,3) = (6,6)                            
  2 = 33                                   |  2 = 33                                   
  4 = 4                                    |  4 = 957                                  
                                           |                                           
Instance: dac_3v_column_odd_0[6]//dac_3v_c |Instance: dac_half:2/passtrans:41/sky130_f 
  (1,3) = (6,6)                            |  (1,3) = (6,6)                            
  2 = 33                                   |  2 = 33                                   
  4 = 4                                    |  4 = 957                                  
---------------------------------------------------------------------------------------

---------------------------------------------------------------------------------------
Instance: dac_3v_column_0[0]//dac_3v_cell_ |Instance: dac_half:1/dac_column:7/sky130_f 
  (1,2) = (7,4)                            |  (1,2) = (7,4)                            
  3 = 1277                                 |  3 = 1277                                 
                                           |                                           
Instance: dac_3v_column_0[4]//dac_3v_cell_ |Instance: dac_half:2/dac_column:7/sky130_f 
  (1,2) = (7,4)                            |  (1,2) = (7,4)                            
  3 = 1277                                 |  3 = 1277                                 
---------------------------------------------------------------------------------------
Netlists do not match.

Subcircuit pins:
Circuit 1: dac_3v_8bit                     |Circuit 2: dac_3v_8bit                     
-------------------------------------------|-------------------------------------------
Cell pin lists are equivalent.
Device classes dac_3v_8bit and dac_3v_8bit are equivalent.

Final result: Netlists do not match.

The following cells had property errors:
 level_shifter
